2026-07-14 20:33:38 | INFO | BI | === RUN START ===
2026-07-14 20:33:38 | INFO | BI | project=BI
2026-07-14 20:33:38 | INFO | BI | repo_dir=bintel-03-cleaning
2026-07-14 20:33:38 | INFO | BI | python=3.14.6
2026-07-14 20:33:38 | INFO | BI | os=Windows 11
2026-07-14 20:33:38 | INFO | BI | shell=powershell
2026-07-14 20:33:38 | INFO | BI | cwd=.
2026-07-14 20:33:38 | INFO | BI | github_actions=False
2026-07-14 20:33:38 | INFO | BI | ========================
2026-07-14 20:33:38 | INFO | BI | START main()
2026-07-14 20:33:38 | INFO | BI | ========================
2026-07-14 20:33:38 | INFO | BI | Raw data:  = data\raw
2026-07-14 20:33:38 | INFO | BI | Customers: = data\raw\customers_data.csv
2026-07-14 20:33:38 | INFO | BI | Products:  = data\raw\products_data.csv
2026-07-14 20:33:38 | INFO | BI | Sales:     = data\raw\sales_data.csv
2026-07-14 20:33:38 | INFO | BI | CALL a function to load each dataset.............
2026-07-14 20:33:38 | INFO | BI | Loading customers from data\raw\customers_data.csv
2026-07-14 20:33:38 | INFO | BI | Loaded: 201 rows, 4 columns
2026-07-14 20:33:38 | INFO | BI | Loading products from data\raw\products_data.csv
2026-07-14 20:33:38 | INFO | BI | Loaded: 100 rows, 4 columns
2026-07-14 20:33:38 | INFO | BI | Loading sales from data\raw\sales_data.csv
2026-07-14 20:33:38 | INFO | BI | Loaded: 2400 rows, 7 columns
2026-07-14 20:33:38 | INFO | BI | CALL a function to get sales by region........
2026-07-14 20:33:38 | INFO | BI | Aggregating sales by region
2026-07-14 20:33:38 | INFO | BI |   Top region: East ($1,234,686.51)
2026-07-14 20:33:38 | INFO | BI | Returning DataFrame with total sales by region
2026-07-14 20:33:38 | INFO | BI | CALL a function to plot sales by region........
2026-07-14 20:33:38 | INFO | BI | Creating chart: Total Sales by Region
2026-07-14 20:33:40 | INFO | BI | CALL a function to get sales by product category........
2026-07-14 20:33:40 | INFO | BI | Aggregating sales by product category
2026-07-14 20:33:40 | INFO | BI |   Top category: Office ($1,420,376.39)
2026-07-14 20:33:40 | INFO | BI | CALL a function to plot sales by product category........
2026-07-14 20:33:40 | INFO | BI | Creating chart: Total Sales by Product Category
2026-07-14 20:33:41 | INFO | BI | CALL a function to summarize the datasets........
2026-07-14 20:33:41 | INFO | BI | ========================
2026-07-14 20:33:41 | INFO | BI | SUMMARY
2026-07-14 20:33:41 | INFO | BI | ========================
2026-07-14 20:33:41 | INFO | BI | Customers:  201 rows, 4 columns
2026-07-14 20:33:41 | INFO | BI | Products:   100 rows, 4 columns
2026-07-14 20:33:41 | INFO | BI | Sales:      2400 rows, 7 columns
2026-07-14 20:33:41 | INFO | BI | ========================
2026-07-14 20:33:41 | INFO | BI | ANALYST NOTES:
2026-07-14 20:33:41 | INFO | BI | Note any data quality issues.
2026-07-14 20:33:41 | INFO | BI | We will clean data later.
2026-07-14 20:33:41 | INFO | BI | ========================
2026-07-14 20:33:41 | INFO | BI | CALL a function to show charts........
2026-07-14 20:33:45 | INFO | BI | Workflow complete
2026-07-14 20:33:45 | INFO | BI | CLOSE chart windows to continue.
2026-07-14 20:33:45 | INFO | BI | Terminate this process with CTRL+c as needed.
2026-07-14 20:33:46 | INFO | BI | ========================
2026-07-14 20:33:46 | INFO | BI | Executed successfully!
2026-07-14 20:33:46 | INFO | BI | ========================
2026-07-14 20:34:10 | INFO | BI | === RUN START ===
2026-07-14 20:34:10 | INFO | BI | project=BI
2026-07-14 20:34:10 | INFO | BI | repo_dir=bintel-03-cleaning
2026-07-14 20:34:10 | INFO | BI | python=3.14.6
2026-07-14 20:34:10 | INFO | BI | os=Windows 11
2026-07-14 20:34:10 | INFO | BI | shell=powershell
2026-07-14 20:34:10 | INFO | BI | cwd=.
2026-07-14 20:34:10 | INFO | BI | github_actions=False
2026-07-14 20:34:10 | INFO | BI | ========================
2026-07-14 20:34:10 | INFO | BI | START main()
2026-07-14 20:34:10 | INFO | BI | ========================
2026-07-14 20:34:10 | INFO | BI | Raw data:      = data\raw
2026-07-14 20:34:10 | INFO | BI | Prepared data: = data\prepared
2026-07-14 20:34:10 | INFO | BI | Task 1. LOAD. Call a function to load each dataset......
2026-07-14 20:34:10 | INFO | BI | Loading customers from data\raw\customers_data.csv
2026-07-14 20:34:10 | INFO | BI | Loaded: 201 rows, 4 columns
2026-07-14 20:34:10 | INFO | BI | Loading products from data\raw\products_data.csv
2026-07-14 20:34:10 | INFO | BI | Loaded: 100 rows, 4 columns
2026-07-14 20:34:10 | INFO | BI | Loading sales from data\raw\sales_data.csv
2026-07-14 20:34:10 | INFO | BI | Loaded: 2400 rows, 7 columns
2026-07-14 20:34:10 | INFO | BI | Task 2. INSPECT. Call a function to inspect each dataset...
2026-07-14 20:34:10 | INFO | BI | Inspecting customers
2026-07-14 20:34:10 | INFO | BI |   Columns: ['CustomerID', 'Name', 'Region', 'JoinDate']
2026-07-14 20:34:10 | INFO | BI |   Shape:   201 rows x 4 columns
2026-07-14 20:34:10 | DEBUG | BI | 
   CustomerID           Name   Region    JoinDate
0        1000   Robert Gomez     West  2024-02-25
1        1001     John Silva     East  2020-12-01
2        1002  Mark Marshall  Central  2020-08-08
3        1003  David Brennan    North  2020-05-21
4        1004  Kerry Collins    North  2023-09-12

2026-07-14 20:34:10 | INFO | BI | Inspecting products
2026-07-14 20:34:10 | INFO | BI |   Columns: ['ProductID', 'ProductName', 'Category', 'UnitPrice']
2026-07-14 20:34:10 | INFO | BI |   Shape:   100 rows x 4 columns
2026-07-14 20:34:10 | DEBUG | BI | 
   ProductID           ProductName     Category  UnitPrice
0       2000    Electronics-Signal  Electronics     969.31
1       2001     Electronics-Boost  Electronics     412.35
2       2002         Office-Family       Office     866.00
3       2003  Electronics-Training  Electronics     385.18
4       2004          Office-Where       Office     927.25

2026-07-14 20:34:10 | INFO | BI | Inspecting sales
2026-07-14 20:34:10 | INFO | BI |   Columns: ['TransactionID', 'SaleDate', 'CustomerID', 'ProductID', 'StoreID', 'CampaignID', 'SaleAmount']
2026-07-14 20:34:10 | INFO | BI |   Shape:   2400 rows x 7 columns
2026-07-14 20:34:10 | DEBUG | BI | 
   TransactionID    SaleDate  CustomerID  ProductID  StoreID  CampaignID SaleAmount
0              1  2025-01-09        1020       2023      401         0.0     643.02
1              2  2024-07-10        1034       2091      404         2.0     529.24
2              3  2025-03-22        1087       2035      403         3.0    4313.72
3              4  2024-12-27        1186       2015      404         NaN    1275.85
4              5  2025-04-21        1049       2005      402         0.0    1739.64

2026-07-14 20:34:10 | INFO | BI | Task 3. CHECK QUALITY BEFORE........
2026-07-14 20:34:10 | INFO | BI | Quality check: customers
2026-07-14 20:34:10 | INFO | BI |   Total missing values: 0
2026-07-14 20:34:10 | INFO | BI |   Duplicate rows: 1
2026-07-14 20:34:10 | WARNING | BI |   1 duplicate row(s) found - review before loading to warehouse
2026-07-14 20:34:10 | INFO | BI | Quality check: products
2026-07-14 20:34:10 | INFO | BI |   Total missing values: 0
2026-07-14 20:34:10 | INFO | BI |   Duplicate rows: 0
2026-07-14 20:34:10 | INFO | BI | Quality check: sales
2026-07-14 20:34:10 | INFO | BI |   Total missing values: 193
2026-07-14 20:34:10 | WARNING | BI |   Missing by column:
CampaignID    193
dtype: int64
2026-07-14 20:34:10 | INFO | BI |   Duplicate rows: 0
2026-07-14 20:34:10 | INFO | BI | Task 4. SUMMARIZE BEFORE.......... 
2026-07-14 20:34:10 | INFO | BI | Numeric summary: customers
2026-07-14 20:34:10 | INFO | BI | 
       CustomerID
count      201.00
mean      1099.03
std         58.12
min       1000.00
25%       1049.00
50%       1099.00
75%       1149.00
max       1199.00
2026-07-14 20:34:10 | INFO | BI | Numeric summary: products
2026-07-14 20:34:10 | INFO | BI | 
       ProductID  UnitPrice
count     100.00     100.00
mean     2049.50     507.77
std        29.01     290.80
min      2000.00      13.51
25%      2024.75     255.53
50%      2049.50     496.39
75%      2074.25     771.28
max      2099.00     976.44
2026-07-14 20:34:10 | INFO | BI | Numeric summary: sales
2026-07-14 20:34:10 | INFO | BI | 
       TransactionID  CustomerID  ProductID  StoreID  CampaignID
count        2400.00     2400.00    2400.00  2400.00     2207.00
mean         1200.50     1086.75    2049.07   402.53        1.46
std           692.96       57.32      28.67     1.13        1.12
min             1.00     1000.00    2000.00   401.00        0.00
25%           600.75     1034.00    2023.00   402.00        0.00
50%          1200.50     1079.00    2046.00   403.00        1.00
75%          1800.25     1132.00    2074.00   404.00        2.00
max          2400.00     1199.00    2099.00   404.00        3.00
2026-07-14 20:34:10 | INFO | BI | Task 5. PREPARE DATASETS.........
2026-07-14 20:34:10 | INFO | BI | Preparing customers data
2026-07-14 20:34:10 | INFO | BI | Customers Prep 1. Normalize Region values
2026-07-14 20:34:10 | INFO | BI |   Regions after normalization: ['Central', 'East', 'North', 'South', 'South-West', 'West']
2026-07-14 20:34:10 | INFO | BI | Customers Prep 2. Remove duplicate rows
2026-07-14 20:34:10 | INFO | BI |   Rows before: 201
2026-07-14 20:34:10 | INFO | BI |   Rows after: 200
2026-07-14 20:34:10 | INFO | BI |   Removed 1 duplicate row(s)
2026-07-14 20:34:10 | INFO | BI |   Customers prepared: 200 rows
2026-07-14 20:34:10 | INFO | BI | Preparing products data
2026-07-14 20:34:10 | INFO | BI | Products Prep 1. Convert UnitPrice to numeric
2026-07-14 20:34:10 | INFO | BI |   Non-numeric prices replaced with NaN: 0
2026-07-14 20:34:10 | INFO | BI | Products Prep 2. Remove duplicate rows
2026-07-14 20:34:10 | INFO | BI |   Rows before: 100
2026-07-14 20:34:10 | INFO | BI |   Rows after: 100
2026-07-14 20:34:10 | INFO | BI |   Removed 0 duplicate row(s)
2026-07-14 20:34:10 | INFO | BI |   Products prepared: 100 rows
2026-07-14 20:34:10 | INFO | BI | Preparing sales data
2026-07-14 20:34:10 | INFO | BI | Sales Prep 1. Convert SaleDate to datetime
2026-07-14 20:34:10 | INFO | BI | Sales Prep 2. Convert SaleAmount to numeric
2026-07-14 20:34:10 | WARNING | BI |   8 row(s) with invalid SaleAmount - will be removed
2026-07-14 20:34:10 | INFO | BI | Sales Prep 3. Remove rows with missing date or amount
2026-07-14 20:34:10 | INFO | BI |   Rows before: 2400
2026-07-14 20:34:10 | INFO | BI |   Rows after: 2392
2026-07-14 20:34:10 | INFO | BI |   Removed 8 row(s) with missing date or amount
2026-07-14 20:34:10 | INFO | BI | Sales Prep 4. Check CustomerID foreign key integrity
2026-07-14 20:34:10 | INFO | BI | Sales Prep 5. Check ProductID foreign key integrity
2026-07-14 20:34:10 | INFO | BI | Sales Prep 6. Remove duplicate rows
2026-07-14 20:34:10 | INFO | BI |   Rows before: 2392
2026-07-14 20:34:10 | INFO | BI |   Rows after: 2392
2026-07-14 20:34:10 | INFO | BI |   Removed 0 duplicate row(s)
2026-07-14 20:34:10 | INFO | BI |   Sales prepared: 2392 rows
2026-07-14 20:34:10 | INFO | BI | Task 6. CHECK QUALITY AFTER PREPARATION........
2026-07-14 20:34:10 | INFO | BI | Quality check: customers prepared
2026-07-14 20:34:10 | INFO | BI |   Total missing values: 0
2026-07-14 20:34:10 | INFO | BI |   Duplicate rows: 0
2026-07-14 20:34:10 | INFO | BI | Quality check: products prepared
2026-07-14 20:34:10 | INFO | BI |   Total missing values: 0
2026-07-14 20:34:10 | INFO | BI |   Duplicate rows: 0
2026-07-14 20:34:10 | INFO | BI | Quality check: sales prepared
2026-07-14 20:34:10 | INFO | BI |   Total missing values: 193
2026-07-14 20:34:10 | WARNING | BI |   Missing by column:
CampaignID    193
dtype: int64
2026-07-14 20:34:10 | INFO | BI |   Duplicate rows: 0
2026-07-14 20:34:10 | INFO | BI | Task 7. SUMMARIZE AFTER PREPARATION........
2026-07-14 20:34:10 | INFO | BI | Numeric summary: customers prepared
2026-07-14 20:34:10 | INFO | BI | 
       CustomerID
count      200.00
mean      1099.50
std         57.88
min       1000.00
25%       1049.75
50%       1099.50
75%       1149.25
max       1199.00
2026-07-14 20:34:10 | INFO | BI | Numeric summary: products prepared
2026-07-14 20:34:10 | INFO | BI | 
       ProductID  UnitPrice
count     100.00     100.00
mean     2049.50     507.77
std        29.01     290.80
min      2000.00      13.51
25%      2024.75     255.53
50%      2049.50     496.39
75%      2074.25     771.28
max      2099.00     976.44
2026-07-14 20:34:10 | INFO | BI | Numeric summary: sales prepared
2026-07-14 20:34:10 | INFO | BI | 
       TransactionID  CustomerID  ProductID  StoreID  CampaignID  SaleAmount
count        2392.00     2392.00    2392.00  2392.00     2199.00     2392.00
mean         1199.03     1086.63    2049.09   402.53        1.46     1535.70
std           692.43       57.30      28.68     1.12        1.12     1270.88
min             1.00     1000.00    2000.00   401.00        0.00        0.00
25%           600.75     1034.00    2023.00   402.00        0.00      593.15
50%          1198.50     1079.00    2046.00   403.00        1.00     1240.37
75%          1798.25     1131.25    2074.00   404.00        2.00     1923.22
max          2400.00     1199.00    2099.00   404.00        3.00     4993.88
2026-07-14 20:34:10 | INFO | BI | Task 8. SAVE PREPARED DATASETS........
2026-07-14 20:34:10 | INFO | BI | Saved customers
2026-07-14 20:34:10 | INFO | BI |   Rows: 200
2026-07-14 20:34:10 | INFO | BI |   Path: data\prepared\customers_data_prepared.csv
2026-07-14 20:34:10 | INFO | BI | Saved products
2026-07-14 20:34:10 | INFO | BI |   Rows: 100
2026-07-14 20:34:10 | INFO | BI |   Path: data\prepared\products_data_prepared.csv
2026-07-14 20:34:10 | INFO | BI | Saved sales
2026-07-14 20:34:10 | INFO | BI |   Rows: 2392
2026-07-14 20:34:10 | INFO | BI |   Path: data\prepared\sales_data_prepared.csv
2026-07-14 20:34:10 | INFO | BI | Workflow complete
2026-07-14 20:34:10 | INFO | BI | ========================
2026-07-14 20:34:10 | INFO | BI | Executed successfully!
2026-07-14 20:34:10 | INFO | BI | ========================
2026-07-14 21:12:55 | INFO | BI | === RUN START ===
2026-07-14 21:12:55 | INFO | BI | project=BI
2026-07-14 21:12:55 | INFO | BI | repo_dir=bintel-03-cleaning
2026-07-14 21:12:55 | INFO | BI | python=3.14.6
2026-07-14 21:12:55 | INFO | BI | os=Windows 11
2026-07-14 21:12:55 | INFO | BI | shell=powershell
2026-07-14 21:12:55 | INFO | BI | cwd=.
2026-07-14 21:12:55 | INFO | BI | github_actions=False
2026-07-14 21:12:55 | INFO | BI | ========================
2026-07-14 21:12:55 | INFO | BI | START main()
2026-07-14 21:12:55 | INFO | BI | ========================
2026-07-14 21:12:55 | INFO | BI | Raw data:  = data\raw
2026-07-14 21:12:55 | INFO | BI | Customers: = data\raw\customers_data.csv
2026-07-14 21:12:55 | INFO | BI | Products:  = data\raw\products_data.csv
2026-07-14 21:12:55 | INFO | BI | Sales:     = data\raw\sales_data.csv
2026-07-14 21:12:55 | INFO | BI | CALL a function to load each dataset.............
2026-07-14 21:12:55 | INFO | BI | Loading customers from data\raw\customers_data.csv
2026-07-14 21:12:55 | INFO | BI | Loaded: 201 rows, 4 columns
2026-07-14 21:12:55 | INFO | BI | Loading products from data\raw\products_data.csv
2026-07-14 21:12:55 | INFO | BI | Loaded: 100 rows, 4 columns
2026-07-14 21:12:55 | INFO | BI | Loading sales from data\raw\sales_data.csv
2026-07-14 21:12:55 | INFO | BI | Loaded: 2400 rows, 7 columns
2026-07-14 21:12:55 | INFO | BI | CALL a function to get sales by region........
2026-07-14 21:12:55 | INFO | BI | Aggregating sales by region
2026-07-14 21:12:55 | INFO | BI |   Top region: East ($1,234,686.51)
2026-07-14 21:12:55 | INFO | BI | Returning DataFrame with total sales by region
2026-07-14 21:12:55 | INFO | BI | CALL a function to plot sales by region........
2026-07-14 21:12:55 | INFO | BI | Creating chart: Total Sales by Region
2026-07-14 21:12:56 | INFO | BI | CALL a function to get sales by product category........
2026-07-14 21:12:56 | INFO | BI | Aggregating sales by product category
2026-07-14 21:12:56 | INFO | BI |   Top category: Office ($1,420,376.39)
2026-07-14 21:12:56 | INFO | BI | CALL a function to plot sales by product category........
2026-07-14 21:12:56 | INFO | BI | Creating chart: Total Sales by Product Category
2026-07-14 21:12:57 | INFO | BI | CALL a function to summarize the datasets........
2026-07-14 21:12:57 | INFO | BI | ========================
2026-07-14 21:12:57 | INFO | BI | SUMMARY
2026-07-14 21:12:57 | INFO | BI | ========================
2026-07-14 21:12:57 | INFO | BI | Customers:  201 rows, 4 columns
2026-07-14 21:12:57 | INFO | BI | Products:   100 rows, 4 columns
2026-07-14 21:12:57 | INFO | BI | Sales:      2400 rows, 7 columns
2026-07-14 21:12:57 | INFO | BI | ========================
2026-07-14 21:12:57 | INFO | BI | ANALYST NOTES:
2026-07-14 21:12:57 | INFO | BI | Note any data quality issues.
2026-07-14 21:12:57 | INFO | BI | We will clean data later.
2026-07-14 21:12:57 | INFO | BI | ========================
2026-07-14 21:12:57 | INFO | BI | CALL a function to show charts........
2026-07-14 21:17:52 | INFO | BI | Workflow complete
2026-07-14 21:17:52 | INFO | BI | CLOSE chart windows to continue.
2026-07-14 21:17:52 | INFO | BI | Terminate this process with CTRL+c as needed.
2026-07-14 21:17:52 | INFO | BI | ========================
2026-07-14 21:17:52 | INFO | BI | Executed successfully!
2026-07-14 21:17:52 | INFO | BI | ========================
2026-07-15 16:22:23 | INFO | BI | === RUN START ===
2026-07-15 16:22:23 | INFO | BI | project=BI
2026-07-15 16:22:23 | INFO | BI | repo_dir=bintel-03-cleaning
2026-07-15 16:22:23 | INFO | BI | python=3.14.6
2026-07-15 16:22:23 | INFO | BI | os=Windows 11
2026-07-15 16:22:23 | INFO | BI | shell=powershell
2026-07-15 16:22:23 | INFO | BI | cwd=.
2026-07-15 16:22:23 | INFO | BI | github_actions=False
2026-07-15 16:22:23 | INFO | BI | ========================
2026-07-15 16:22:23 | INFO | BI | START main()
2026-07-15 16:22:23 | INFO | BI | ========================
2026-07-15 16:22:23 | INFO | BI | Raw data:  = data\raw
2026-07-15 16:22:23 | INFO | BI | Customers: = data\raw\customers_data.csv
2026-07-15 16:22:23 | INFO | BI | Products:  = data\raw\products_data.csv
2026-07-15 16:22:23 | INFO | BI | Sales:     = data\raw\sales_data.csv
2026-07-15 16:22:23 | INFO | BI | CALL a function to load each dataset.............
2026-07-15 16:22:23 | INFO | BI | Loading customers from data\raw\customers_data.csv
2026-07-15 16:22:23 | INFO | BI | Loaded: 202 rows, 6 columns
2026-07-15 16:22:23 | INFO | BI | Loading products from data\raw\products_data.csv
2026-07-15 16:22:23 | INFO | BI | Loaded: 100 rows, 6 columns
2026-07-15 16:22:23 | INFO | BI | Loading sales from data\raw\sales_data.csv
2026-07-15 16:22:23 | INFO | BI | Loaded: 2400 rows, 9 columns
2026-07-15 16:22:23 | INFO | BI | CALL a function to get sales by region........
2026-07-15 16:22:23 | INFO | BI | Aggregating sales by region
2026-07-15 16:22:23 | INFO | BI |   Top region: East ($1,234,686.51)
2026-07-15 16:22:23 | INFO | BI | Returning DataFrame with total sales by region
2026-07-15 16:22:23 | INFO | BI | CALL a function to plot sales by region........
2026-07-15 16:22:23 | INFO | BI | Creating chart: Total Sales by Region
2026-07-15 16:22:24 | INFO | BI | CALL a function to get sales by product category........
2026-07-15 16:22:24 | INFO | BI | Aggregating sales by product category
2026-07-15 16:22:24 | INFO | BI |   Top category: Office ($1,420,376.39)
2026-07-15 16:22:24 | INFO | BI | CALL a function to plot sales by product category........
2026-07-15 16:22:24 | INFO | BI | Creating chart: Total Sales by Product Category
2026-07-15 16:22:25 | INFO | BI | CALL a function to summarize the datasets........
2026-07-15 16:22:25 | INFO | BI | ========================
2026-07-15 16:22:25 | INFO | BI | SUMMARY
2026-07-15 16:22:25 | INFO | BI | ========================
2026-07-15 16:22:25 | INFO | BI | Customers:  202 rows, 6 columns
2026-07-15 16:22:25 | INFO | BI | Products:   100 rows, 6 columns
2026-07-15 16:22:25 | INFO | BI | Sales:      2400 rows, 9 columns
2026-07-15 16:22:25 | INFO | BI | ========================
2026-07-15 16:22:25 | INFO | BI | ANALYST NOTES:
2026-07-15 16:22:25 | INFO | BI | Note any data quality issues.
2026-07-15 16:22:25 | INFO | BI | We will clean data later.
2026-07-15 16:22:25 | INFO | BI | ========================
2026-07-15 16:22:25 | INFO | BI | CALL a function to show charts........
2026-07-15 16:22:29 | INFO | BI | Workflow complete
2026-07-15 16:22:29 | INFO | BI | CLOSE chart windows to continue.
2026-07-15 16:22:29 | INFO | BI | Terminate this process with CTRL+c as needed.
2026-07-15 16:22:29 | INFO | BI | ========================
2026-07-15 16:22:29 | INFO | BI | Executed successfully!
2026-07-15 16:22:29 | INFO | BI | ========================
2026-07-15 16:44:43 | INFO | BI | === RUN START ===
2026-07-15 16:44:43 | INFO | BI | project=BI
2026-07-15 16:44:43 | INFO | BI | repo_dir=bintel-03-cleaning
2026-07-15 16:44:43 | INFO | BI | python=3.14.6
2026-07-15 16:44:43 | INFO | BI | os=Windows 11
2026-07-15 16:44:43 | INFO | BI | shell=powershell
2026-07-15 16:44:43 | INFO | BI | cwd=.
2026-07-15 16:44:43 | INFO | BI | github_actions=False
2026-07-15 16:44:43 | INFO | BI | ========================
2026-07-15 16:44:43 | INFO | BI | START main()
2026-07-15 16:44:43 | INFO | BI | ========================
2026-07-15 16:44:43 | INFO | BI | Raw data:      = data\raw
2026-07-15 16:44:43 | INFO | BI | Prepared data: = data\prepared
2026-07-15 16:44:43 | INFO | BI | Task 1. LOAD. Call a function to load each dataset......
2026-07-15 16:44:43 | INFO | BI | Loading customers from data\raw\customers_data.csv
2026-07-15 16:44:43 | INFO | BI | Loaded: 202 rows, 6 columns
2026-07-15 16:44:43 | INFO | BI | Loading products from data\raw\products_data.csv
2026-07-15 16:44:43 | INFO | BI | Loaded: 100 rows, 6 columns
2026-07-15 16:44:43 | INFO | BI | Loading sales from data\raw\sales_data.csv
2026-07-15 16:44:43 | INFO | BI | Loaded: 2400 rows, 9 columns
2026-07-15 16:44:43 | INFO | BI | Task 2. INSPECT. Call a function to inspect each dataset...
2026-07-15 16:44:43 | INFO | BI | Inspecting customers
2026-07-15 16:44:43 | INFO | BI |   Columns: ['CustomerID', 'Name', 'Region', 'JoinDate', 'RewardPoints', 'RewardLevel']
2026-07-15 16:44:43 | INFO | BI |   Shape:   202 rows x 6 columns
2026-07-15 16:44:43 | DEBUG | BI | 
   CustomerID             Name   Region   JoinDate  RewardPoints RewardLevel
0      1065.0     Daniel Adams  Central   7/2/2023          2296      Bronze
1      1055.0  William Benitez     east  11/4/2020          8211      Bronze
2      1161.0      David Ellis     East   1/2/2023          9512      Bronze
3      1154.0  Edward Castillo    North  10/1/2020          9809      Bronze
4      1193.0       Nancy King    South  5/23/2022         13669      Bronze

2026-07-15 16:44:43 | INFO | BI | Inspecting products
2026-07-15 16:44:43 | INFO | BI |   Columns: ['ProductID', 'ProductName', 'Category', 'UnitPrice', 'Supplier', 'SupplierID']
2026-07-15 16:44:43 | INFO | BI |   Shape:   100 rows x 6 columns
2026-07-15 16:44:43 | DEBUG | BI | 
   ProductID            ProductName     Category  UnitPrice Supplier  SupplierID
0       2076        Clothing-Affect     Clothing     806.07   Adidas        1001
1       2014           Clothing-Eat     Clothing     246.30   Adidas        1001
2       2021         Clothing-Skill     Clothing     835.41   Adidas        1001
3       2036  Electronics-Candidate  Electronics     217.98     Bose        1002
4       2059      Electronics-Clear  Electronics     512.05     Bose        5555

2026-07-15 16:44:43 | INFO | BI | Inspecting sales
2026-07-15 16:44:43 | INFO | BI |   Columns: ['TransactionID', 'SaleDate', 'CustomerID', 'ProductID', 'StoreID', 'CampaignID', 'SaleAmount', 'SaleType', 'EarnedRewardPoints']
2026-07-15 16:44:43 | INFO | BI |   Shape:   2400 rows x 9 columns
2026-07-15 16:44:43 | DEBUG | BI | 
   TransactionID   SaleDate  CustomerID  ProductID  StoreID  CampaignID SaleAmount SaleType EarnedRewardPoints
0           1101   6/7/2024        1020       2091      404         1.0    4252.36  Payment             425236
1           1102  6/11/2024        1066       2097      404         2.0    3636.18  Payment             363618
2            431  6/19/2024        1058       2061      404         0.0     546.31  Payment              54631
3           1094  6/20/2024        1151       2039      402         2.0    2204.78  Payment             220478
4            645  6/21/2024        1163       2065      402         1.0    1217.59  Payment             121759

2026-07-15 16:44:43 | INFO | BI | Task 3. CHECK QUALITY BEFORE........
2026-07-15 16:44:43 | INFO | BI | Quality check: customers
2026-07-15 16:44:43 | INFO | BI |   Total missing values: 8
2026-07-15 16:44:43 | WARNING | BI |   Missing by column:
CustomerID     1
Name           1
Region         1
JoinDate       1
RewardLevel    4
dtype: int64
2026-07-15 16:44:43 | INFO | BI |   Duplicate rows: 0
2026-07-15 16:44:43 | INFO | BI | Quality check: products
2026-07-15 16:44:43 | INFO | BI |   Total missing values: 1
2026-07-15 16:44:43 | WARNING | BI |   Missing by column:
Supplier    1
dtype: int64
2026-07-15 16:44:43 | INFO | BI |   Duplicate rows: 0
2026-07-15 16:44:43 | INFO | BI | Quality check: sales
2026-07-15 16:44:43 | INFO | BI |   Total missing values: 201
2026-07-15 16:44:43 | WARNING | BI |   Missing by column:
CampaignID            193
SaleType                5
EarnedRewardPoints      3
dtype: int64
2026-07-15 16:44:43 | INFO | BI |   Duplicate rows: 0
2026-07-15 16:44:43 | INFO | BI | Task 4. SUMMARIZE BEFORE.......... 
2026-07-15 16:44:43 | INFO | BI | Numeric summary: customers
2026-07-15 16:44:43 | INFO | BI | 
       CustomerID  RewardPoints
count      201.00        202.00
mean      1099.03     213431.66
std         58.12     115747.60
min       1000.00       2296.00
25%       1049.00     115911.75
50%       1099.00     214765.00
75%       1149.00     313061.25
max       1199.00     461774.00
2026-07-15 16:44:43 | INFO | BI | Numeric summary: products
2026-07-15 16:44:43 | INFO | BI | 
       ProductID  UnitPrice  SupplierID
count     100.00     100.00      100.00
mean     2049.50     507.77     1056.76
std        29.01     290.80      454.48
min      2000.00      13.51     1001.00
25%      2024.75     255.53     1006.00
50%      2049.50     496.39     1011.50
75%      2074.25     771.28     1015.00
max      2099.00     976.44     5555.00
2026-07-15 16:44:43 | INFO | BI | Numeric summary: sales
2026-07-15 16:44:43 | INFO | BI | 
       TransactionID  CustomerID  ProductID  StoreID  CampaignID
count        2400.00     2400.00    2400.00  2400.00     2207.00
mean         1200.50     1086.75    2049.07   402.53        1.46
std           692.96       57.32      28.67     1.13        1.12
min             1.00     1000.00    2000.00   401.00        0.00
25%           600.75     1034.00    2023.00   402.00        0.00
50%          1200.50     1079.00    2046.00   403.00        1.00
75%          1800.25     1132.00    2074.00   404.00        2.00
max          2400.00     1199.00    2099.00   404.00        3.00
2026-07-15 16:44:43 | INFO | BI | Task 5. PREPARE DATASETS.........
2026-07-15 16:44:43 | INFO | BI | Preparing customers data
2026-07-15 16:44:43 | INFO | BI | Customers Prep 1. Normalize Region values
2026-07-15 17:02:55 | INFO | BI | === RUN START ===
2026-07-15 17:02:55 | INFO | BI | project=BI
2026-07-15 17:02:55 | INFO | BI | repo_dir=bintel-03-cleaning
2026-07-15 17:02:55 | INFO | BI | python=3.14.6
2026-07-15 17:02:55 | INFO | BI | os=Windows 11
2026-07-15 17:02:55 | INFO | BI | shell=powershell
2026-07-15 17:02:55 | INFO | BI | cwd=.
2026-07-15 17:02:55 | INFO | BI | github_actions=False
2026-07-15 17:02:55 | INFO | BI | ========================
2026-07-15 17:02:55 | INFO | BI | START main()
2026-07-15 17:02:55 | INFO | BI | ========================
2026-07-15 17:02:55 | INFO | BI | Raw data:      = data\raw
2026-07-15 17:02:55 | INFO | BI | Prepared data: = data\prepared
2026-07-15 17:02:55 | INFO | BI | Task 1. LOAD. Call a function to load each dataset......
2026-07-15 17:02:55 | INFO | BI | Loading customers from data\raw\customers_data.csv
2026-07-15 17:02:55 | INFO | BI | Loaded: 202 rows, 6 columns
2026-07-15 17:02:55 | INFO | BI | Loading products from data\raw\products_data.csv
2026-07-15 17:02:55 | INFO | BI | Loaded: 100 rows, 6 columns
2026-07-15 17:02:55 | INFO | BI | Loading sales from data\raw\sales_data.csv
2026-07-15 17:02:55 | INFO | BI | Loaded: 2400 rows, 9 columns
2026-07-15 17:02:55 | INFO | BI | Task 2. INSPECT. Call a function to inspect each dataset...
2026-07-15 17:02:55 | INFO | BI | Inspecting customers
2026-07-15 17:02:55 | INFO | BI |   Columns: ['CustomerID', 'Name', 'Region', 'JoinDate', 'RewardPoints', 'RewardLevel']
2026-07-15 17:02:55 | INFO | BI |   Shape:   202 rows x 6 columns
2026-07-15 17:02:55 | DEBUG | BI | 
   CustomerID             Name   Region   JoinDate  RewardPoints RewardLevel
0      1065.0     Daniel Adams  Central   7/2/2023          2296      Bronze
1      1055.0  William Benitez     east  11/4/2020          8211      Bronze
2      1161.0      David Ellis     East   1/2/2023          9512      Bronze
3      1154.0  Edward Castillo    North  10/1/2020          9809      Bronze
4      1193.0       Nancy King    South  5/23/2022         13669      Bronze

2026-07-15 17:02:55 | INFO | BI | Inspecting products
2026-07-15 17:02:55 | INFO | BI |   Columns: ['ProductID', 'ProductName', 'Category', 'UnitPrice', 'Supplier', 'SupplierID']
2026-07-15 17:02:55 | INFO | BI |   Shape:   100 rows x 6 columns
2026-07-15 17:02:55 | DEBUG | BI | 
   ProductID            ProductName     Category  UnitPrice Supplier  SupplierID
0       2076        Clothing-Affect     Clothing     806.07   Adidas        1001
1       2014           Clothing-Eat     Clothing     246.30   Adidas        1001
2       2021         Clothing-Skill     Clothing     835.41   Adidas        1001
3       2036  Electronics-Candidate  Electronics     217.98     Bose        1002
4       2059      Electronics-Clear  Electronics     512.05     Bose        5555

2026-07-15 17:02:55 | INFO | BI | Inspecting sales
2026-07-15 17:02:55 | INFO | BI |   Columns: ['TransactionID', 'SaleDate', 'CustomerID', 'ProductID', 'StoreID', 'CampaignID', 'SaleAmount', 'SaleType', 'EarnedRewardPoints']
2026-07-15 17:02:55 | INFO | BI |   Shape:   2400 rows x 9 columns
2026-07-15 17:02:55 | DEBUG | BI | 
   TransactionID   SaleDate  CustomerID  ProductID  StoreID  CampaignID SaleAmount SaleType EarnedRewardPoints
0           1101   6/7/2024        1020       2091      404         1.0    4252.36  Payment             425236
1           1102  6/11/2024        1066       2097      404         2.0    3636.18  Payment             363618
2            431  6/19/2024        1058       2061      404         0.0     546.31  Payment              54631
3           1094  6/20/2024        1151       2039      402         2.0    2204.78  Payment             220478
4            645  6/21/2024        1163       2065      402         1.0    1217.59  Payment             121759

2026-07-15 17:02:55 | INFO | BI | Task 3. CHECK QUALITY BEFORE........
2026-07-15 17:02:55 | INFO | BI | Quality check: customers
2026-07-15 17:02:55 | INFO | BI |   Total missing values: 8
2026-07-15 17:02:55 | WARNING | BI |   Missing by column:
CustomerID     1
Name           1
Region         1
JoinDate       1
RewardLevel    4
dtype: int64
2026-07-15 17:02:55 | INFO | BI |   Duplicate rows: 0
2026-07-15 17:02:55 | INFO | BI | Quality check: products
2026-07-15 17:02:55 | INFO | BI |   Total missing values: 1
2026-07-15 17:02:55 | WARNING | BI |   Missing by column:
Supplier    1
dtype: int64
2026-07-15 17:02:55 | INFO | BI |   Duplicate rows: 0
2026-07-15 17:02:55 | INFO | BI | Quality check: sales
2026-07-15 17:02:55 | INFO | BI |   Total missing values: 201
2026-07-15 17:02:55 | WARNING | BI |   Missing by column:
CampaignID            193
SaleType                5
EarnedRewardPoints      3
dtype: int64
2026-07-15 17:02:55 | INFO | BI |   Duplicate rows: 0
2026-07-15 17:02:55 | INFO | BI | Task 4. SUMMARIZE BEFORE.......... 
2026-07-15 17:02:55 | INFO | BI | Numeric summary: customers
2026-07-15 17:02:55 | INFO | BI | 
       CustomerID  RewardPoints
count      201.00        202.00
mean      1099.03     213431.66
std         58.12     115747.60
min       1000.00       2296.00
25%       1049.00     115911.75
50%       1099.00     214765.00
75%       1149.00     313061.25
max       1199.00     461774.00
2026-07-15 17:02:55 | INFO | BI | Numeric summary: products
2026-07-15 17:02:55 | INFO | BI | 
       ProductID  UnitPrice  SupplierID
count     100.00     100.00      100.00
mean     2049.50     507.77     1056.76
std        29.01     290.80      454.48
min      2000.00      13.51     1001.00
25%      2024.75     255.53     1006.00
50%      2049.50     496.39     1011.50
75%      2074.25     771.28     1015.00
max      2099.00     976.44     5555.00
2026-07-15 17:02:55 | INFO | BI | Numeric summary: sales
2026-07-15 17:02:55 | INFO | BI | 
       TransactionID  CustomerID  ProductID  StoreID  CampaignID
count        2400.00     2400.00    2400.00  2400.00     2207.00
mean         1200.50     1086.75    2049.07   402.53        1.46
std           692.96       57.32      28.67     1.13        1.12
min             1.00     1000.00    2000.00   401.00        0.00
25%           600.75     1034.00    2023.00   402.00        0.00
50%          1200.50     1079.00    2046.00   403.00        1.00
75%          1800.25     1132.00    2074.00   404.00        2.00
max          2400.00     1199.00    2099.00   404.00        3.00
2026-07-15 17:02:55 | INFO | BI | Task 5. PREPARE DATASETS.........
2026-07-15 17:02:55 | INFO | BI | Preparing customers data
2026-07-15 17:02:55 | INFO | BI | Customers Prep 1. Normalize Region values
2026-07-15 17:05:51 | INFO | BI | === RUN START ===
2026-07-15 17:05:51 | INFO | BI | project=BI
2026-07-15 17:05:51 | INFO | BI | repo_dir=bintel-03-cleaning
2026-07-15 17:05:51 | INFO | BI | python=3.14.6
2026-07-15 17:05:51 | INFO | BI | os=Windows 11
2026-07-15 17:05:51 | INFO | BI | shell=powershell
2026-07-15 17:05:51 | INFO | BI | cwd=.
2026-07-15 17:05:51 | INFO | BI | github_actions=False
2026-07-15 17:05:51 | INFO | BI | ========================
2026-07-15 17:05:51 | INFO | BI | START main()
2026-07-15 17:05:51 | INFO | BI | ========================
2026-07-15 17:05:51 | INFO | BI | Raw data:      = data\raw
2026-07-15 17:05:51 | INFO | BI | Prepared data: = data\prepared
2026-07-15 17:05:51 | INFO | BI | Task 1. LOAD. Call a function to load each dataset......
2026-07-15 17:05:51 | INFO | BI | Loading customers from data\raw\customers_data.csv
2026-07-15 17:05:51 | INFO | BI | Loaded: 202 rows, 6 columns
2026-07-15 17:05:51 | INFO | BI | Loading products from data\raw\products_data.csv
2026-07-15 17:05:51 | INFO | BI | Loaded: 100 rows, 6 columns
2026-07-15 17:05:51 | INFO | BI | Loading sales from data\raw\sales_data.csv
2026-07-15 17:05:51 | INFO | BI | Loaded: 2400 rows, 9 columns
2026-07-15 17:05:51 | INFO | BI | Task 2. INSPECT. Call a function to inspect each dataset...
2026-07-15 17:05:51 | INFO | BI | Inspecting customers
2026-07-15 17:05:51 | INFO | BI |   Columns: ['CustomerID', 'Name', 'Region', 'JoinDate', 'RewardPoints', 'RewardLevel']
2026-07-15 17:05:51 | INFO | BI |   Shape:   202 rows x 6 columns
2026-07-15 17:05:51 | DEBUG | BI | 
   CustomerID             Name   Region   JoinDate  RewardPoints RewardLevel
0      1065.0     Daniel Adams  Central   7/2/2023          2296      Bronze
1      1055.0  William Benitez     east  11/4/2020          8211      Bronze
2      1161.0      David Ellis     East   1/2/2023          9512      Bronze
3      1154.0  Edward Castillo    North  10/1/2020          9809      Bronze
4      1193.0       Nancy King    South  5/23/2022         13669      Bronze

2026-07-15 17:05:51 | INFO | BI | Inspecting products
2026-07-15 17:05:51 | INFO | BI |   Columns: ['ProductID', 'ProductName', 'Category', 'UnitPrice', 'Supplier', 'SupplierID']
2026-07-15 17:05:51 | INFO | BI |   Shape:   100 rows x 6 columns
2026-07-15 17:05:51 | DEBUG | BI | 
   ProductID            ProductName     Category  UnitPrice Supplier  SupplierID
0       2076        Clothing-Affect     Clothing     806.07   Adidas        1001
1       2014           Clothing-Eat     Clothing     246.30   Adidas        1001
2       2021         Clothing-Skill     Clothing     835.41   Adidas        1001
3       2036  Electronics-Candidate  Electronics     217.98     Bose        1002
4       2059      Electronics-Clear  Electronics     512.05     Bose        5555

2026-07-15 17:05:51 | INFO | BI | Inspecting sales
2026-07-15 17:05:51 | INFO | BI |   Columns: ['TransactionID', 'SaleDate', 'CustomerID', 'ProductID', 'StoreID', 'CampaignID', 'SaleAmount', 'SaleType', 'EarnedRewardPoints']
2026-07-15 17:05:51 | INFO | BI |   Shape:   2400 rows x 9 columns
2026-07-15 17:05:51 | DEBUG | BI | 
   TransactionID   SaleDate  CustomerID  ProductID  StoreID  CampaignID SaleAmount SaleType EarnedRewardPoints
0           1101   6/7/2024        1020       2091      404         1.0    4252.36  Payment             425236
1           1102  6/11/2024        1066       2097      404         2.0    3636.18  Payment             363618
2            431  6/19/2024        1058       2061      404         0.0     546.31  Payment              54631
3           1094  6/20/2024        1151       2039      402         2.0    2204.78  Payment             220478
4            645  6/21/2024        1163       2065      402         1.0    1217.59  Payment             121759

2026-07-15 17:05:51 | INFO | BI | Task 3. CHECK QUALITY BEFORE........
2026-07-15 17:05:51 | INFO | BI | Quality check: customers
2026-07-15 17:05:51 | INFO | BI |   Total missing values: 8
2026-07-15 17:05:51 | WARNING | BI |   Missing by column:
CustomerID     1
Name           1
Region         1
JoinDate       1
RewardLevel    4
dtype: int64
2026-07-15 17:05:51 | INFO | BI |   Duplicate rows: 0
2026-07-15 17:05:51 | INFO | BI | Quality check: products
2026-07-15 17:05:51 | INFO | BI |   Total missing values: 1
2026-07-15 17:05:51 | WARNING | BI |   Missing by column:
Supplier    1
dtype: int64
2026-07-15 17:05:51 | INFO | BI |   Duplicate rows: 0
2026-07-15 17:05:51 | INFO | BI | Quality check: sales
2026-07-15 17:05:51 | INFO | BI |   Total missing values: 201
2026-07-15 17:05:51 | WARNING | BI |   Missing by column:
CampaignID            193
SaleType                5
EarnedRewardPoints      3
dtype: int64
2026-07-15 17:05:51 | INFO | BI |   Duplicate rows: 0
2026-07-15 17:05:51 | INFO | BI | Task 4. SUMMARIZE BEFORE.......... 
2026-07-15 17:05:51 | INFO | BI | Numeric summary: customers
2026-07-15 17:05:51 | INFO | BI | 
       CustomerID  RewardPoints
count      201.00        202.00
mean      1099.03     213431.66
std         58.12     115747.60
min       1000.00       2296.00
25%       1049.00     115911.75
50%       1099.00     214765.00
75%       1149.00     313061.25
max       1199.00     461774.00
2026-07-15 17:05:51 | INFO | BI | Numeric summary: products
2026-07-15 17:05:51 | INFO | BI | 
       ProductID  UnitPrice  SupplierID
count     100.00     100.00      100.00
mean     2049.50     507.77     1056.76
std        29.01     290.80      454.48
min      2000.00      13.51     1001.00
25%      2024.75     255.53     1006.00
50%      2049.50     496.39     1011.50
75%      2074.25     771.28     1015.00
max      2099.00     976.44     5555.00
2026-07-15 17:05:51 | INFO | BI | Numeric summary: sales
2026-07-15 17:05:51 | INFO | BI | 
       TransactionID  CustomerID  ProductID  StoreID  CampaignID
count        2400.00     2400.00    2400.00  2400.00     2207.00
mean         1200.50     1086.75    2049.07   402.53        1.46
std           692.96       57.32      28.67     1.13        1.12
min             1.00     1000.00    2000.00   401.00        0.00
25%           600.75     1034.00    2023.00   402.00        0.00
50%          1200.50     1079.00    2046.00   403.00        1.00
75%          1800.25     1132.00    2074.00   404.00        2.00
max          2400.00     1199.00    2099.00   404.00        3.00
2026-07-15 17:05:51 | INFO | BI | Task 5. PREPARE DATASETS.........
2026-07-15 17:05:51 | INFO | BI | Preparing customers data
2026-07-15 17:05:51 | INFO | BI | Customers Prep 1. Normalize Region values
2026-07-15 17:09:50 | INFO | BI | === RUN START ===
2026-07-15 17:09:50 | INFO | BI | project=BI
2026-07-15 17:09:50 | INFO | BI | repo_dir=bintel-03-cleaning
2026-07-15 17:09:50 | INFO | BI | python=3.14.6
2026-07-15 17:09:50 | INFO | BI | os=Windows 11
2026-07-15 17:09:50 | INFO | BI | shell=powershell
2026-07-15 17:09:50 | INFO | BI | cwd=.
2026-07-15 17:09:50 | INFO | BI | github_actions=False
2026-07-15 17:09:50 | INFO | BI | ========================
2026-07-15 17:09:50 | INFO | BI | START main()
2026-07-15 17:09:50 | INFO | BI | ========================
2026-07-15 17:09:50 | INFO | BI | Raw data:      = data\raw
2026-07-15 17:09:50 | INFO | BI | Prepared data: = data\prepared
2026-07-15 17:09:50 | INFO | BI | Task 1. LOAD. Call a function to load each dataset......
2026-07-15 17:09:50 | INFO | BI | Loading customers from data\raw\customers_data.csv
2026-07-15 17:09:50 | INFO | BI | Loaded: 202 rows, 6 columns
2026-07-15 17:09:50 | INFO | BI | Loading products from data\raw\products_data.csv
2026-07-15 17:09:50 | INFO | BI | Loaded: 100 rows, 6 columns
2026-07-15 17:09:50 | INFO | BI | Loading sales from data\raw\sales_data.csv
2026-07-15 17:09:50 | INFO | BI | Loaded: 2400 rows, 9 columns
2026-07-15 17:09:50 | INFO | BI | Task 2. INSPECT. Call a function to inspect each dataset...
2026-07-15 17:09:50 | INFO | BI | Inspecting customers
2026-07-15 17:09:50 | INFO | BI |   Columns: ['CustomerID', 'Name', 'Region', 'JoinDate', 'RewardPoints', 'RewardLevel']
2026-07-15 17:09:50 | INFO | BI |   Shape:   202 rows x 6 columns
2026-07-15 17:09:50 | DEBUG | BI | 
   CustomerID             Name   Region   JoinDate  RewardPoints RewardLevel
0      1065.0     Daniel Adams  Central   7/2/2023          2296      Bronze
1      1055.0  William Benitez     east  11/4/2020          8211      Bronze
2      1161.0      David Ellis     East   1/2/2023          9512      Bronze
3      1154.0  Edward Castillo    North  10/1/2020          9809      Bronze
4      1193.0       Nancy King    South  5/23/2022         13669      Bronze

2026-07-15 17:09:50 | INFO | BI | Inspecting products
2026-07-15 17:09:50 | INFO | BI |   Columns: ['ProductID', 'ProductName', 'Category', 'UnitPrice', 'Supplier', 'SupplierID']
2026-07-15 17:09:50 | INFO | BI |   Shape:   100 rows x 6 columns
2026-07-15 17:09:50 | DEBUG | BI | 
   ProductID            ProductName     Category  UnitPrice Supplier  SupplierID
0       2076        Clothing-Affect     Clothing     806.07   Adidas        1001
1       2014           Clothing-Eat     Clothing     246.30   Adidas        1001
2       2021         Clothing-Skill     Clothing     835.41   Adidas        1001
3       2036  Electronics-Candidate  Electronics     217.98     Bose        1002
4       2059      Electronics-Clear  Electronics     512.05     Bose        5555

2026-07-15 17:09:50 | INFO | BI | Inspecting sales
2026-07-15 17:09:50 | INFO | BI |   Columns: ['TransactionID', 'SaleDate', 'CustomerID', 'ProductID', 'StoreID', 'CampaignID', 'SaleAmount', 'SaleType', 'EarnedRewardPoints']
2026-07-15 17:09:50 | INFO | BI |   Shape:   2400 rows x 9 columns
2026-07-15 17:09:50 | DEBUG | BI | 
   TransactionID   SaleDate  CustomerID  ProductID  StoreID  CampaignID SaleAmount SaleType EarnedRewardPoints
0           1101   6/7/2024        1020       2091      404         1.0    4252.36  Payment             425236
1           1102  6/11/2024        1066       2097      404         2.0    3636.18  Payment             363618
2            431  6/19/2024        1058       2061      404         0.0     546.31  Payment              54631
3           1094  6/20/2024        1151       2039      402         2.0    2204.78  Payment             220478
4            645  6/21/2024        1163       2065      402         1.0    1217.59  Payment             121759

2026-07-15 17:09:50 | INFO | BI | Task 3. CHECK QUALITY BEFORE........
2026-07-15 17:09:50 | INFO | BI | Quality check: customers
2026-07-15 17:09:50 | INFO | BI |   Total missing values: 8
2026-07-15 17:09:50 | WARNING | BI |   Missing by column:
CustomerID     1
Name           1
Region         1
JoinDate       1
RewardLevel    4
dtype: int64
2026-07-15 17:09:50 | INFO | BI |   Duplicate rows: 0
2026-07-15 17:09:50 | INFO | BI | Quality check: products
2026-07-15 17:09:50 | INFO | BI |   Total missing values: 1
2026-07-15 17:09:50 | WARNING | BI |   Missing by column:
Supplier    1
dtype: int64
2026-07-15 17:09:50 | INFO | BI |   Duplicate rows: 0
2026-07-15 17:09:50 | INFO | BI | Quality check: sales
2026-07-15 17:09:50 | INFO | BI |   Total missing values: 201
2026-07-15 17:09:50 | WARNING | BI |   Missing by column:
CampaignID            193
SaleType                5
EarnedRewardPoints      3
dtype: int64
2026-07-15 17:09:50 | INFO | BI |   Duplicate rows: 0
2026-07-15 17:09:50 | INFO | BI | Task 4. SUMMARIZE BEFORE.......... 
2026-07-15 17:09:50 | INFO | BI | Numeric summary: customers
2026-07-15 17:09:50 | INFO | BI | 
       CustomerID  RewardPoints
count      201.00        202.00
mean      1099.03     213431.66
std         58.12     115747.60
min       1000.00       2296.00
25%       1049.00     115911.75
50%       1099.00     214765.00
75%       1149.00     313061.25
max       1199.00     461774.00
2026-07-15 17:09:50 | INFO | BI | Numeric summary: products
2026-07-15 17:09:50 | INFO | BI | 
       ProductID  UnitPrice  SupplierID
count     100.00     100.00      100.00
mean     2049.50     507.77     1056.76
std        29.01     290.80      454.48
min      2000.00      13.51     1001.00
25%      2024.75     255.53     1006.00
50%      2049.50     496.39     1011.50
75%      2074.25     771.28     1015.00
max      2099.00     976.44     5555.00
2026-07-15 17:09:50 | INFO | BI | Numeric summary: sales
2026-07-15 17:09:50 | INFO | BI | 
       TransactionID  CustomerID  ProductID  StoreID  CampaignID
count        2400.00     2400.00    2400.00  2400.00     2207.00
mean         1200.50     1086.75    2049.07   402.53        1.46
std           692.96       57.32      28.67     1.13        1.12
min             1.00     1000.00    2000.00   401.00        0.00
25%           600.75     1034.00    2023.00   402.00        0.00
50%          1200.50     1079.00    2046.00   403.00        1.00
75%          1800.25     1132.00    2074.00   404.00        2.00
max          2400.00     1199.00    2099.00   404.00        3.00
2026-07-15 17:09:50 | INFO | BI | Task 5. PREPARE DATASETS.........
2026-07-15 17:09:50 | INFO | BI | Preparing customers data
2026-07-15 17:09:50 | INFO | BI | Customers Prep 1. Normalize Region values
2026-07-15 17:16:16 | INFO | BI | === RUN START ===
2026-07-15 17:16:16 | INFO | BI | project=BI
2026-07-15 17:16:16 | INFO | BI | repo_dir=bintel-03-cleaning
2026-07-15 17:16:16 | INFO | BI | python=3.14.6
2026-07-15 17:16:16 | INFO | BI | os=Windows 11
2026-07-15 17:16:16 | INFO | BI | shell=powershell
2026-07-15 17:16:16 | INFO | BI | cwd=.
2026-07-15 17:16:16 | INFO | BI | github_actions=False
2026-07-15 17:16:16 | INFO | BI | ========================
2026-07-15 17:16:16 | INFO | BI | START main()
2026-07-15 17:16:16 | INFO | BI | ========================
2026-07-15 17:16:16 | INFO | BI | Raw data:      = data\raw
2026-07-15 17:16:16 | INFO | BI | Prepared data: = data\prepared
2026-07-15 17:16:16 | INFO | BI | Task 1. LOAD. Call a function to load each dataset......
2026-07-15 17:16:16 | INFO | BI | Loading customers from data\raw\customers_data.csv
2026-07-15 17:16:16 | INFO | BI | Loaded: 202 rows, 6 columns
2026-07-15 17:16:16 | INFO | BI | Loading products from data\raw\products_data.csv
2026-07-15 17:16:16 | INFO | BI | Loaded: 100 rows, 6 columns
2026-07-15 17:16:16 | INFO | BI | Loading sales from data\raw\sales_data.csv
2026-07-15 17:16:16 | INFO | BI | Loaded: 2400 rows, 9 columns
2026-07-15 17:16:16 | INFO | BI | Task 2. INSPECT. Call a function to inspect each dataset...
2026-07-15 17:16:16 | INFO | BI | Inspecting customers
2026-07-15 17:16:16 | INFO | BI |   Columns: ['CustomerID', 'Name', 'Region', 'JoinDate', 'RewardPoints', 'RewardLevel']
2026-07-15 17:16:16 | INFO | BI |   Shape:   202 rows x 6 columns
2026-07-15 17:16:16 | DEBUG | BI | 
   CustomerID             Name   Region   JoinDate  RewardPoints RewardLevel
0      1065.0     Daniel Adams  Central   7/2/2023          2296      Bronze
1      1055.0  William Benitez     east  11/4/2020          8211      Bronze
2      1161.0      David Ellis     East   1/2/2023          9512      Bronze
3      1154.0  Edward Castillo    North  10/1/2020          9809      Bronze
4      1193.0       Nancy King    South  5/23/2022         13669      Bronze

2026-07-15 17:16:16 | INFO | BI | Inspecting products
2026-07-15 17:16:16 | INFO | BI |   Columns: ['ProductID', 'ProductName', 'Category', 'UnitPrice', 'Supplier', 'SupplierID']
2026-07-15 17:16:16 | INFO | BI |   Shape:   100 rows x 6 columns
2026-07-15 17:16:16 | DEBUG | BI | 
   ProductID            ProductName     Category  UnitPrice Supplier  SupplierID
0       2076        Clothing-Affect     Clothing     806.07   Adidas        1001
1       2014           Clothing-Eat     Clothing     246.30   Adidas        1001
2       2021         Clothing-Skill     Clothing     835.41   Adidas        1001
3       2036  Electronics-Candidate  Electronics     217.98     Bose        1002
4       2059      Electronics-Clear  Electronics     512.05     Bose        5555

2026-07-15 17:16:16 | INFO | BI | Inspecting sales
2026-07-15 17:16:16 | INFO | BI |   Columns: ['TransactionID', 'SaleDate', 'CustomerID', 'ProductID', 'StoreID', 'CampaignID', 'SaleAmount', 'SaleType', 'EarnedRewardPoints']
2026-07-15 17:16:16 | INFO | BI |   Shape:   2400 rows x 9 columns
2026-07-15 17:16:16 | DEBUG | BI | 
   TransactionID   SaleDate  CustomerID  ProductID  StoreID  CampaignID SaleAmount SaleType EarnedRewardPoints
0           1101   6/7/2024        1020       2091      404         1.0    4252.36  Payment             425236
1           1102  6/11/2024        1066       2097      404         2.0    3636.18  Payment             363618
2            431  6/19/2024        1058       2061      404         0.0     546.31  Payment              54631
3           1094  6/20/2024        1151       2039      402         2.0    2204.78  Payment             220478
4            645  6/21/2024        1163       2065      402         1.0    1217.59  Payment             121759

2026-07-15 17:16:16 | INFO | BI | Task 3. CHECK QUALITY BEFORE........
2026-07-15 17:16:16 | INFO | BI | Quality check: customers
2026-07-15 17:16:16 | INFO | BI |   Total missing values: 8
2026-07-15 17:16:16 | WARNING | BI |   Missing by column:
CustomerID     1
Name           1
Region         1
JoinDate       1
RewardLevel    4
dtype: int64
2026-07-15 17:16:16 | INFO | BI |   Duplicate rows: 0
2026-07-15 17:16:16 | INFO | BI | Quality check: products
2026-07-15 17:16:16 | INFO | BI |   Total missing values: 1
2026-07-15 17:16:16 | WARNING | BI |   Missing by column:
Supplier    1
dtype: int64
2026-07-15 17:16:16 | INFO | BI |   Duplicate rows: 0
2026-07-15 17:16:16 | INFO | BI | Quality check: sales
2026-07-15 17:16:16 | INFO | BI |   Total missing values: 201
2026-07-15 17:16:16 | WARNING | BI |   Missing by column:
CampaignID            193
SaleType                5
EarnedRewardPoints      3
dtype: int64
2026-07-15 17:16:16 | INFO | BI |   Duplicate rows: 0
2026-07-15 17:16:16 | INFO | BI | Task 4. SUMMARIZE BEFORE.......... 
2026-07-15 17:16:16 | INFO | BI | Numeric summary: customers
2026-07-15 17:16:16 | INFO | BI | 
       CustomerID  RewardPoints
count      201.00        202.00
mean      1099.03     213431.66
std         58.12     115747.60
min       1000.00       2296.00
25%       1049.00     115911.75
50%       1099.00     214765.00
75%       1149.00     313061.25
max       1199.00     461774.00
2026-07-15 17:16:16 | INFO | BI | Numeric summary: products
2026-07-15 17:16:16 | INFO | BI | 
       ProductID  UnitPrice  SupplierID
count     100.00     100.00      100.00
mean     2049.50     507.77     1056.76
std        29.01     290.80      454.48
min      2000.00      13.51     1001.00
25%      2024.75     255.53     1006.00
50%      2049.50     496.39     1011.50
75%      2074.25     771.28     1015.00
max      2099.00     976.44     5555.00
2026-07-15 17:16:16 | INFO | BI | Numeric summary: sales
2026-07-15 17:16:16 | INFO | BI | 
       TransactionID  CustomerID  ProductID  StoreID  CampaignID
count        2400.00     2400.00    2400.00  2400.00     2207.00
mean         1200.50     1086.75    2049.07   402.53        1.46
std           692.96       57.32      28.67     1.13        1.12
min             1.00     1000.00    2000.00   401.00        0.00
25%           600.75     1034.00    2023.00   402.00        0.00
50%          1200.50     1079.00    2046.00   403.00        1.00
75%          1800.25     1132.00    2074.00   404.00        2.00
max          2400.00     1199.00    2099.00   404.00        3.00
2026-07-15 17:16:16 | INFO | BI | Task 5. PREPARE DATASETS.........
2026-07-15 17:16:16 | INFO | BI | Preparing customers data
2026-07-15 17:16:16 | INFO | BI | Customers Prep 1. Normalize Region values
2026-07-15 18:23:06 | INFO | BI | === RUN START ===
2026-07-15 18:23:06 | INFO | BI | project=BI
2026-07-15 18:23:06 | INFO | BI | repo_dir=bintel-03-cleaning
2026-07-15 18:23:06 | INFO | BI | python=3.14.6
2026-07-15 18:23:06 | INFO | BI | os=Windows 11
2026-07-15 18:23:06 | INFO | BI | shell=powershell
2026-07-15 18:23:06 | INFO | BI | cwd=.
2026-07-15 18:23:06 | INFO | BI | github_actions=False
2026-07-15 18:23:06 | INFO | BI | ========================
2026-07-15 18:23:06 | INFO | BI | START main()
2026-07-15 18:23:06 | INFO | BI | ========================
2026-07-15 18:23:06 | INFO | BI | Raw data:      = data\raw
2026-07-15 18:23:06 | INFO | BI | Prepared data: = data\prepared
2026-07-15 18:23:06 | INFO | BI | Task 1. LOAD. Call a function to load each dataset......
2026-07-15 18:23:06 | INFO | BI | Loading customers from data\raw\customers_data.csv
2026-07-15 18:23:06 | INFO | BI | Loaded: 202 rows, 6 columns
2026-07-15 18:23:06 | INFO | BI | Loading products from data\raw\products_data.csv
2026-07-15 18:23:06 | INFO | BI | Loaded: 100 rows, 6 columns
2026-07-15 18:23:06 | INFO | BI | Loading sales from data\raw\sales_data.csv
2026-07-15 18:23:06 | INFO | BI | Loaded: 2400 rows, 9 columns
2026-07-15 18:23:06 | INFO | BI | Task 2. INSPECT. Call a function to inspect each dataset...
2026-07-15 18:23:06 | INFO | BI | Inspecting customers
2026-07-15 18:23:06 | INFO | BI |   Columns: ['CustomerID', 'Name', 'Region', 'JoinDate', 'RewardPoints', 'RewardLevel']
2026-07-15 18:23:06 | INFO | BI |   Shape:   202 rows x 6 columns
2026-07-15 18:23:06 | DEBUG | BI | 
   CustomerID             Name   Region   JoinDate  RewardPoints RewardLevel
0      1065.0     Daniel Adams  Central   7/2/2023          2296      Bronze
1      1055.0  William Benitez     east  11/4/2020          8211      Bronze
2      1161.0      David Ellis     East   1/2/2023          9512      Bronze
3      1154.0  Edward Castillo    North  10/1/2020          9809      Bronze
4      1193.0       Nancy King    South  5/23/2022         13669      Bronze

2026-07-15 18:23:06 | INFO | BI | Inspecting products
2026-07-15 18:23:06 | INFO | BI |   Columns: ['ProductID', 'ProductName', 'Category', 'UnitPrice', 'Supplier', 'SupplierID']
2026-07-15 18:23:06 | INFO | BI |   Shape:   100 rows x 6 columns
2026-07-15 18:23:06 | DEBUG | BI | 
   ProductID            ProductName     Category  UnitPrice Supplier  SupplierID
0       2076        Clothing-Affect     Clothing     806.07   Adidas        1001
1       2014           Clothing-Eat     Clothing     246.30   Adidas        1001
2       2021         Clothing-Skill     Clothing     835.41   Adidas        1001
3       2036  Electronics-Candidate  Electronics     217.98     Bose        1002
4       2059      Electronics-Clear  Electronics     512.05     Bose        5555

2026-07-15 18:23:06 | INFO | BI | Inspecting sales
2026-07-15 18:23:06 | INFO | BI |   Columns: ['TransactionID', 'SaleDate', 'CustomerID', 'ProductID', 'StoreID', 'CampaignID', 'SaleAmount', 'SaleType', 'EarnedRewardPoints']
2026-07-15 18:23:06 | INFO | BI |   Shape:   2400 rows x 9 columns
2026-07-15 18:23:06 | DEBUG | BI | 
   TransactionID   SaleDate  CustomerID  ProductID  StoreID  CampaignID SaleAmount SaleType EarnedRewardPoints
0           1101   6/7/2024        1020       2091      404         1.0    4252.36  Payment             425236
1           1102  6/11/2024        1066       2097      404         2.0    3636.18  Payment             363618
2            431  6/19/2024        1058       2061      404         0.0     546.31  Payment              54631
3           1094  6/20/2024        1151       2039      402         2.0    2204.78  Payment             220478
4            645  6/21/2024        1163       2065      402         1.0    1217.59  Payment             121759

2026-07-15 18:23:06 | INFO | BI | Task 3. CHECK QUALITY BEFORE........
2026-07-15 18:23:06 | INFO | BI | Quality check: customers
2026-07-15 18:23:06 | INFO | BI |   Total missing values: 8
2026-07-15 18:23:06 | WARNING | BI |   Missing by column:
CustomerID     1
Name           1
Region         1
JoinDate       1
RewardLevel    4
dtype: int64
2026-07-15 18:23:06 | INFO | BI |   Duplicate rows: 0
2026-07-15 18:23:06 | INFO | BI | Quality check: products
2026-07-15 18:23:06 | INFO | BI |   Total missing values: 1
2026-07-15 18:23:06 | WARNING | BI |   Missing by column:
Supplier    1
dtype: int64
2026-07-15 18:23:06 | INFO | BI |   Duplicate rows: 0
2026-07-15 18:23:06 | INFO | BI | Quality check: sales
2026-07-15 18:23:06 | INFO | BI |   Total missing values: 201
2026-07-15 18:23:06 | WARNING | BI |   Missing by column:
CampaignID            193
SaleType                5
EarnedRewardPoints      3
dtype: int64
2026-07-15 18:23:06 | INFO | BI |   Duplicate rows: 0
2026-07-15 18:23:06 | INFO | BI | Task 4. SUMMARIZE BEFORE.......... 
2026-07-15 18:23:06 | INFO | BI | Numeric summary: customers
2026-07-15 18:23:06 | INFO | BI | 
       CustomerID  RewardPoints
count      201.00        202.00
mean      1099.03     213431.66
std         58.12     115747.60
min       1000.00       2296.00
25%       1049.00     115911.75
50%       1099.00     214765.00
75%       1149.00     313061.25
max       1199.00     461774.00
2026-07-15 18:23:06 | INFO | BI | Numeric summary: products
2026-07-15 18:23:06 | INFO | BI | 
       ProductID  UnitPrice  SupplierID
count     100.00     100.00      100.00
mean     2049.50     507.77     1056.76
std        29.01     290.80      454.48
min      2000.00      13.51     1001.00
25%      2024.75     255.53     1006.00
50%      2049.50     496.39     1011.50
75%      2074.25     771.28     1015.00
max      2099.00     976.44     5555.00
2026-07-15 18:23:06 | INFO | BI | Numeric summary: sales
2026-07-15 18:23:07 | INFO | BI | 
       TransactionID  CustomerID  ProductID  StoreID  CampaignID
count        2400.00     2400.00    2400.00  2400.00     2207.00
mean         1200.50     1086.75    2049.07   402.53        1.46
std           692.96       57.32      28.67     1.13        1.12
min             1.00     1000.00    2000.00   401.00        0.00
25%           600.75     1034.00    2023.00   402.00        0.00
50%          1200.50     1079.00    2046.00   403.00        1.00
75%          1800.25     1132.00    2074.00   404.00        2.00
max          2400.00     1199.00    2099.00   404.00        3.00
2026-07-15 18:23:07 | INFO | BI | Task 5. PREPARE DATASETS.........
2026-07-15 18:23:07 | INFO | BI | Preparing customers data
2026-07-15 18:23:07 | INFO | BI | Customers Prep 1. Normalize Region values
2026-07-15 18:27:28 | INFO | BI | === RUN START ===
2026-07-15 18:27:28 | INFO | BI | project=BI
2026-07-15 18:27:28 | INFO | BI | repo_dir=bintel-03-cleaning
2026-07-15 18:27:28 | INFO | BI | python=3.14.6
2026-07-15 18:27:28 | INFO | BI | os=Windows 11
2026-07-15 18:27:28 | INFO | BI | shell=powershell
2026-07-15 18:27:28 | INFO | BI | cwd=.
2026-07-15 18:27:28 | INFO | BI | github_actions=False
2026-07-15 18:27:28 | INFO | BI | ========================
2026-07-15 18:27:28 | INFO | BI | START main()
2026-07-15 18:27:28 | INFO | BI | ========================
2026-07-15 18:27:28 | INFO | BI | Raw data:      = data\raw
2026-07-15 18:27:28 | INFO | BI | Prepared data: = data\prepared
2026-07-15 18:27:28 | INFO | BI | Task 1. LOAD. Call a function to load each dataset......
2026-07-15 18:27:28 | INFO | BI | Loading customers from data\raw\customers_data.csv
2026-07-15 18:27:28 | INFO | BI | Loaded: 201 rows, 6 columns
2026-07-15 18:27:28 | INFO | BI | Loading products from data\raw\products_data.csv
2026-07-15 18:27:28 | INFO | BI | Loaded: 100 rows, 6 columns
2026-07-15 18:27:28 | INFO | BI | Loading sales from data\raw\sales_data.csv
2026-07-15 18:27:28 | INFO | BI | Loaded: 2400 rows, 9 columns
2026-07-15 18:27:28 | INFO | BI | Task 2. INSPECT. Call a function to inspect each dataset...
2026-07-15 18:27:28 | INFO | BI | Inspecting customers
2026-07-15 18:27:28 | INFO | BI |   Columns: ['CustomerID', 'Name', 'Region', 'JoinDate', 'RewardPoints', 'RewardLevel']
2026-07-15 18:27:28 | INFO | BI |   Shape:   201 rows x 6 columns
2026-07-15 18:27:28 | DEBUG | BI | 
   CustomerID             Name   Region   JoinDate  RewardPoints RewardLevel
0        1065     Daniel Adams  Central   7/2/2023          2296      Bronze
1        1055  William Benitez     east  11/4/2020          8211      Bronze
2        1161      David Ellis     East   1/2/2023          9512      Bronze
3        1154  Edward Castillo    North  10/1/2020          9809      Bronze
4        1193       Nancy King    South  5/23/2022         13669      Bronze

2026-07-15 18:27:28 | INFO | BI | Inspecting products
2026-07-15 18:27:28 | INFO | BI |   Columns: ['ProductID', 'ProductName', 'Category', 'UnitPrice', 'Supplier', 'SupplierID']
2026-07-15 18:27:28 | INFO | BI |   Shape:   100 rows x 6 columns
2026-07-15 18:27:28 | DEBUG | BI | 
   ProductID            ProductName     Category  UnitPrice Supplier  SupplierID
0       2076        Clothing-Affect     Clothing     806.07   Adidas        1001
1       2014           Clothing-Eat     Clothing     246.30   Adidas        1001
2       2021         Clothing-Skill     Clothing     835.41   Adidas        1001
3       2036  Electronics-Candidate  Electronics     217.98     Bose        1002
4       2059      Electronics-Clear  Electronics     512.05     Bose        5555

2026-07-15 18:27:28 | INFO | BI | Inspecting sales
2026-07-15 18:27:28 | INFO | BI |   Columns: ['TransactionID', 'SaleDate', 'CustomerID', 'ProductID', 'StoreID', 'CampaignID', 'SaleAmount', 'SaleType', 'EarnedRewardPoints']
2026-07-15 18:27:28 | INFO | BI |   Shape:   2400 rows x 9 columns
2026-07-15 18:27:28 | DEBUG | BI | 
   TransactionID   SaleDate  CustomerID  ProductID  StoreID  CampaignID SaleAmount SaleType EarnedRewardPoints
0           1101   6/7/2024        1020       2091      404         1.0    4252.36  Payment             425236
1           1102  6/11/2024        1066       2097      404         2.0    3636.18  Payment             363618
2            431  6/19/2024        1058       2061      404         0.0     546.31  Payment              54631
3           1094  6/20/2024        1151       2039      402         2.0    2204.78  Payment             220478
4            645  6/21/2024        1163       2065      402         1.0    1217.59  Payment             121759

2026-07-15 18:27:28 | INFO | BI | Task 3. CHECK QUALITY BEFORE........
2026-07-15 18:27:28 | INFO | BI | Quality check: customers
2026-07-15 18:27:28 | INFO | BI |   Total missing values: 4
2026-07-15 18:27:28 | WARNING | BI |   Missing by column:
RewardLevel    4
dtype: int64
2026-07-15 18:27:28 | INFO | BI |   Duplicate rows: 0
2026-07-15 18:27:28 | INFO | BI | Quality check: products
2026-07-15 18:27:28 | INFO | BI |   Total missing values: 1
2026-07-15 18:27:28 | WARNING | BI |   Missing by column:
Supplier    1
dtype: int64
2026-07-15 18:27:28 | INFO | BI |   Duplicate rows: 0
2026-07-15 18:27:28 | INFO | BI | Quality check: sales
2026-07-15 18:27:28 | INFO | BI |   Total missing values: 201
2026-07-15 18:27:28 | WARNING | BI |   Missing by column:
CampaignID            193
SaleType                5
EarnedRewardPoints      3
dtype: int64
2026-07-15 18:27:28 | INFO | BI |   Duplicate rows: 0
2026-07-15 18:27:28 | INFO | BI | Task 4. SUMMARIZE BEFORE.......... 
2026-07-15 18:27:28 | INFO | BI | Numeric summary: customers
2026-07-15 18:27:28 | INFO | BI | 
       CustomerID  RewardPoints
count      201.00        201.00
mean      1099.03     213166.62
std         58.12     115975.15
min       1000.00       2296.00
25%       1049.00     115318.00
50%       1099.00     214088.00
75%       1149.00     313194.00
max       1199.00     461774.00
2026-07-15 18:27:28 | INFO | BI | Numeric summary: products
2026-07-15 18:27:28 | INFO | BI | 
       ProductID  UnitPrice  SupplierID
count     100.00     100.00      100.00
mean     2049.50     507.77     1056.76
std        29.01     290.80      454.48
min      2000.00      13.51     1001.00
25%      2024.75     255.53     1006.00
50%      2049.50     496.39     1011.50
75%      2074.25     771.28     1015.00
max      2099.00     976.44     5555.00
2026-07-15 18:27:28 | INFO | BI | Numeric summary: sales
2026-07-15 18:27:28 | INFO | BI | 
       TransactionID  CustomerID  ProductID  StoreID  CampaignID
count        2400.00     2400.00    2400.00  2400.00     2207.00
mean         1200.50     1086.75    2049.07   402.53        1.46
std           692.96       57.32      28.67     1.13        1.12
min             1.00     1000.00    2000.00   401.00        0.00
25%           600.75     1034.00    2023.00   402.00        0.00
50%          1200.50     1079.00    2046.00   403.00        1.00
75%          1800.25     1132.00    2074.00   404.00        2.00
max          2400.00     1199.00    2099.00   404.00        3.00
2026-07-15 18:27:28 | INFO | BI | Task 5. PREPARE DATASETS.........
2026-07-15 18:27:28 | INFO | BI | Preparing customers data
2026-07-15 18:27:28 | INFO | BI | Customers Prep 1. Normalize Region values
2026-07-15 18:27:28 | INFO | BI |   Regions after normalization: ['Central', 'East', 'North', 'South', 'South-West', 'West']
2026-07-15 18:27:28 | INFO | BI | Customers Prep 2. Remove duplicate rows
2026-07-15 18:27:28 | INFO | BI |   Rows before: 201
2026-07-15 18:27:28 | INFO | BI |   Rows after: 201
2026-07-15 18:27:28 | INFO | BI |   Removed 0 duplicate row(s)
2026-07-15 18:27:28 | INFO | BI |   Customers prepared: 201 rows
2026-07-15 18:27:28 | INFO | BI | Preparing products data
2026-07-15 18:27:28 | INFO | BI | Products Prep 1. Convert UnitPrice to numeric
2026-07-15 18:27:28 | INFO | BI |   Non-numeric prices replaced with NaN: 0
2026-07-15 18:27:28 | INFO | BI | Products Prep 2. Remove duplicate rows
2026-07-15 18:27:28 | INFO | BI |   Rows before: 100
2026-07-15 18:27:28 | INFO | BI |   Rows after: 100
2026-07-15 18:27:28 | INFO | BI |   Removed 0 duplicate row(s)
2026-07-15 18:27:28 | INFO | BI |   Products prepared: 100 rows
2026-07-15 18:27:28 | INFO | BI | Preparing sales data
2026-07-15 18:27:28 | INFO | BI | Sales Prep 1. Convert SaleDate to datetime
2026-07-15 18:27:28 | INFO | BI | Sales Prep 2. Convert SaleAmount to numeric
2026-07-15 18:27:28 | WARNING | BI |   8 row(s) with invalid SaleAmount - will be removed
2026-07-15 18:27:28 | INFO | BI | Sales Prep 3. Remove rows with missing date or amount
2026-07-15 18:27:28 | INFO | BI |   Rows before: 2400
2026-07-15 18:27:28 | INFO | BI |   Rows after: 2392
2026-07-15 18:27:28 | INFO | BI |   Removed 8 row(s) with missing date or amount
2026-07-15 18:27:28 | INFO | BI | Sales Prep 4. Check CustomerID foreign key integrity
2026-07-15 18:27:28 | INFO | BI | Sales Prep 5. Check ProductID foreign key integrity
2026-07-15 18:27:28 | INFO | BI | Sales Prep 6. Remove duplicate rows
2026-07-15 18:27:29 | INFO | BI |   Rows before: 2392
2026-07-15 18:27:29 | INFO | BI |   Rows after: 2392
2026-07-15 18:27:29 | INFO | BI |   Removed 0 duplicate row(s)
2026-07-15 18:27:29 | INFO | BI |   Sales prepared: 2392 rows
2026-07-15 18:27:29 | INFO | BI | Task 6. CHECK QUALITY AFTER PREPARATION........
2026-07-15 18:27:29 | INFO | BI | Quality check: customers prepared
2026-07-15 18:27:29 | INFO | BI |   Total missing values: 4
2026-07-15 18:27:29 | WARNING | BI |   Missing by column:
RewardLevel    4
dtype: int64
2026-07-15 18:27:29 | INFO | BI |   Duplicate rows: 0
2026-07-15 18:27:29 | INFO | BI | Quality check: products prepared
2026-07-15 18:27:29 | INFO | BI |   Total missing values: 1
2026-07-15 18:27:29 | WARNING | BI |   Missing by column:
Supplier    1
dtype: int64
2026-07-15 18:27:29 | INFO | BI |   Duplicate rows: 0
2026-07-15 18:27:29 | INFO | BI | Quality check: sales prepared
2026-07-15 18:27:29 | INFO | BI |   Total missing values: 201
2026-07-15 18:27:29 | WARNING | BI |   Missing by column:
CampaignID            193
SaleType                5
EarnedRewardPoints      3
dtype: int64
2026-07-15 18:27:29 | INFO | BI |   Duplicate rows: 0
2026-07-15 18:27:29 | INFO | BI | Task 7. SUMMARIZE AFTER PREPARATION........
2026-07-15 18:27:29 | INFO | BI | Numeric summary: customers prepared
2026-07-15 18:27:29 | INFO | BI | 
       CustomerID  RewardPoints
count      201.00        201.00
mean      1099.03     213166.62
std         58.12     115975.15
min       1000.00       2296.00
25%       1049.00     115318.00
50%       1099.00     214088.00
75%       1149.00     313194.00
max       1199.00     461774.00
2026-07-15 18:27:29 | INFO | BI | Numeric summary: products prepared
2026-07-15 18:27:29 | INFO | BI | 
       ProductID  UnitPrice  SupplierID
count     100.00     100.00      100.00
mean     2049.50     507.77     1056.76
std        29.01     290.80      454.48
min      2000.00      13.51     1001.00
25%      2024.75     255.53     1006.00
50%      2049.50     496.39     1011.50
75%      2074.25     771.28     1015.00
max      2099.00     976.44     5555.00
2026-07-15 18:27:29 | INFO | BI | Numeric summary: sales prepared
2026-07-15 18:27:29 | INFO | BI | 
       TransactionID  CustomerID  ProductID  StoreID  CampaignID  SaleAmount
count        2392.00     2392.00    2392.00  2392.00     2199.00     2392.00
mean         1199.03     1086.63    2049.09   402.53        1.46     1535.70
std           692.43       57.30      28.68     1.12        1.12     1270.88
min             1.00     1000.00    2000.00   401.00        0.00        0.00
25%           600.75     1034.00    2023.00   402.00        0.00      593.15
50%          1198.50     1079.00    2046.00   403.00        1.00     1240.37
75%          1798.25     1131.25    2074.00   404.00        2.00     1923.22
max          2400.00     1199.00    2099.00   404.00        3.00     4993.88
2026-07-15 18:27:29 | INFO | BI | Task 8. SAVE PREPARED DATASETS........
2026-07-15 18:27:29 | INFO | BI | Saved customers
2026-07-15 18:27:29 | INFO | BI |   Rows: 201
2026-07-15 18:27:29 | INFO | BI |   Path: data\prepared\customers_data_prepared.csv
2026-07-15 18:27:29 | INFO | BI | Saved products
2026-07-15 18:27:29 | INFO | BI |   Rows: 100
2026-07-15 18:27:29 | INFO | BI |   Path: data\prepared\products_data_prepared.csv
2026-07-15 18:27:29 | INFO | BI | Saved sales
2026-07-15 18:27:29 | INFO | BI |   Rows: 2392
2026-07-15 18:27:29 | INFO | BI |   Path: data\prepared\sales_data_prepared.csv
2026-07-15 18:27:29 | INFO | BI | Workflow complete
2026-07-15 18:27:29 | INFO | BI | ========================
2026-07-15 18:27:29 | INFO | BI | Executed successfully!
2026-07-15 18:27:29 | INFO | BI | ========================
2026-07-16 14:51:34 | INFO | BI | === RUN START ===
2026-07-16 14:51:34 | INFO | BI | project=BI
2026-07-16 14:51:34 | INFO | BI | repo_dir=bintel-03-cleaning
2026-07-16 14:51:34 | INFO | BI | python=3.14.6
2026-07-16 14:51:34 | INFO | BI | os=Windows 11
2026-07-16 14:51:34 | INFO | BI | shell=powershell
2026-07-16 14:51:34 | INFO | BI | cwd=.
2026-07-16 14:51:34 | INFO | BI | github_actions=False
2026-07-16 14:51:34 | INFO | BI | ========================
2026-07-16 14:51:34 | INFO | BI | START main()
2026-07-16 14:51:34 | INFO | BI | ========================
2026-07-16 14:51:34 | INFO | BI | Raw data:      = data\raw
2026-07-16 14:51:34 | INFO | BI | Prepared data: = data\prepared
2026-07-16 14:51:34 | INFO | BI | Task 1. LOAD. Call a function to load each dataset......
2026-07-16 14:51:34 | INFO | BI | Loading customers from data\raw\customers_data.csv
2026-07-16 14:51:34 | INFO | BI | Loaded: 203 rows, 6 columns
2026-07-16 14:51:34 | INFO | BI | Task 2. INSPECT. Call a function to inspect each dataset...
2026-07-16 14:51:34 | INFO | BI | Inspecting customers
2026-07-16 14:51:34 | INFO | BI |   Columns: ['CustomerID', 'Name', 'Region', 'JoinDate', 'RewardPoints', 'RewardLevel']
2026-07-16 14:51:34 | INFO | BI |   Shape:   203 rows x 6 columns
2026-07-16 14:51:34 | DEBUG | BI | 
   CustomerID           Name   Region   JoinDate  RewardPoints RewardLevel
0        1000   Robert Gomez     West  2/25/2024        461774    Platinum
1        1001     John Silva     East  12/1/2020        361974    Platinum
2        1002  Mark Marshall  Central   8/8/2020        238795        gold
3        1002  Mark Marshall  Central   8/8/2020        238795        gold
4        1003  David Brennan    North  5/21/2020        358344         NaN

2026-07-16 14:51:34 | INFO | BI | Task 3. CHECK QUALITY BEFORE........
2026-07-16 14:51:34 | INFO | BI | Quality check: customers
2026-07-16 14:51:34 | INFO | BI |   Total missing values: 4
2026-07-16 14:51:34 | WARNING | BI |   Missing by column:
RewardLevel    4
dtype: int64
2026-07-16 14:51:34 | INFO | BI |   Duplicate rows: 2
2026-07-16 14:51:34 | WARNING | BI |   2 duplicate row(s) found - review before loading to warehouse
2026-07-16 14:51:34 | INFO | BI | Task 4. SUMMARIZE BEFORE.......... 
2026-07-16 14:51:34 | INFO | BI | Numeric summary: customers
2026-07-16 14:51:34 | INFO | BI | 
       CustomerID  RewardPoints
count      203.00        203.00
mean      1098.09     213635.66
std         58.59     115516.52
min       1000.00       2296.00
25%       1047.50     116505.50
50%       1098.00     215442.00
75%       1148.50     312928.50
max       1199.00     461774.00
2026-07-16 14:51:34 | INFO | BI | Task 5. PREPARE DATASETS.........
2026-07-16 14:51:34 | INFO | BI | Preparing customers data
2026-07-16 14:51:34 | INFO | BI | Customers Prep 1. Normalize Region values
2026-07-16 14:51:34 | INFO | BI |   Regions after normalization: ['Central', 'East', 'North', 'South', 'South-West', 'West']
2026-07-16 14:51:34 | INFO | BI | Customers Prep 2. Remove duplicate rows
2026-07-16 14:51:34 | INFO | BI |   Rows before: 203
2026-07-16 14:51:34 | INFO | BI |   Rows after: 201
2026-07-16 14:51:34 | INFO | BI |   Removed 2 duplicate row(s)
2026-07-16 14:51:34 | INFO | BI |   Customers prepared: 201 rows
2026-07-16 14:51:34 | INFO | BI | Task 6. CHECK QUALITY AFTER PREPARATION........
2026-07-16 14:51:34 | INFO | BI | Quality check: customers prepared
2026-07-16 14:51:34 | INFO | BI |   Total missing values: 4
2026-07-16 14:51:34 | WARNING | BI |   Missing by column:
RewardLevel    4
dtype: int64
2026-07-16 14:51:34 | INFO | BI |   Duplicate rows: 0
2026-07-16 14:51:34 | INFO | BI | Task 7. SUMMARIZE AFTER PREPARATION........
2026-07-16 14:51:34 | INFO | BI | Numeric summary: customers prepared
2026-07-16 14:51:34 | INFO | BI | 
       CustomerID  RewardPoints
count      201.00        201.00
mean      1099.03     213166.62
std         58.12     115975.15
min       1000.00       2296.00
25%       1049.00     115318.00
50%       1099.00     214088.00
75%       1149.00     313194.00
max       1199.00     461774.00
2026-07-16 14:51:34 | INFO | BI | Task 8. SAVE PREPARED DATASETS........
2026-07-16 14:51:34 | INFO | BI | Saved customers
2026-07-16 14:51:34 | INFO | BI |   Rows: 201
2026-07-16 14:51:34 | INFO | BI |   Path: data\prepared\customers_data_prepared.csv
2026-07-16 14:51:34 | INFO | BI | Workflow complete
2026-07-16 14:51:34 | INFO | BI | ========================
2026-07-16 14:51:34 | INFO | BI | Executed successfully!
2026-07-16 14:51:34 | INFO | BI | ========================
2026-07-16 14:52:02 | INFO | BI | === RUN START ===
2026-07-16 14:52:02 | INFO | BI | project=BI
2026-07-16 14:52:02 | INFO | BI | repo_dir=bintel-03-cleaning
2026-07-16 14:52:02 | INFO | BI | python=3.14.6
2026-07-16 14:52:02 | INFO | BI | os=Windows 11
2026-07-16 14:52:02 | INFO | BI | shell=powershell
2026-07-16 14:52:02 | INFO | BI | cwd=.
2026-07-16 14:52:02 | INFO | BI | github_actions=False
2026-07-16 14:52:02 | INFO | BI | ========================
2026-07-16 14:52:02 | INFO | BI | START main()
2026-07-16 14:52:02 | INFO | BI | ========================
2026-07-16 14:52:02 | INFO | BI | Raw data:      = data\raw
2026-07-16 14:52:02 | INFO | BI | Prepared data: = data\prepared
2026-07-16 14:52:02 | INFO | BI | Task 1. LOAD. Call a function to load each dataset......
2026-07-16 14:52:02 | INFO | BI | Loading products from data\raw\products_data.csv
2026-07-16 14:52:02 | INFO | BI | Loaded: 102 rows, 6 columns
2026-07-16 14:52:02 | INFO | BI | Task 2. INSPECT. Call a function to inspect each dataset...
2026-07-16 14:52:02 | INFO | BI | Inspecting products
2026-07-16 14:52:02 | INFO | BI |   Columns: ['ProductID', 'ProductName', 'Category', 'UnitPrice', 'Supplier', 'SupplierID']
2026-07-16 14:52:02 | INFO | BI |   Shape:   102 rows x 6 columns
2026-07-16 14:52:02 | DEBUG | BI | 
   ProductID         ProductName     Category  UnitPrice  Supplier  SupplierID
0       2000  Electronics-Signal  Electronics     969.31  Sylvania        1018
1       2001   Electronics-Boost  Electronics     412.35      Sony        1016
2       2001   Electronics-Boost  Electronics     412.35      Sony        1016
3       2001   Electronics-Boost  Electronics     412.35      Sony        1016
4       2002       Office-Family       Office     866.00  fellowes        1005

2026-07-16 14:52:02 | INFO | BI | Task 3. CHECK QUALITY BEFORE........
2026-07-16 14:52:02 | INFO | BI | Quality check: products
2026-07-16 14:52:02 | INFO | BI |   Total missing values: 1
2026-07-16 14:52:02 | WARNING | BI |   Missing by column:
Supplier    1
dtype: int64
2026-07-16 14:52:02 | INFO | BI |   Duplicate rows: 2
2026-07-16 14:52:02 | WARNING | BI |   2 duplicate row(s) found - review before loading to warehouse
2026-07-16 14:52:02 | INFO | BI | Task 4. SUMMARIZE BEFORE.......... 
2026-07-16 14:52:02 | INFO | BI | Numeric summary: products
2026-07-16 14:52:02 | INFO | BI | 
       ProductID  UnitPrice  SupplierID
count     102.00     102.00      102.00
mean     2048.55     505.90     1055.96
std        29.51     288.21      450.00
min      2000.00      13.51     1001.00
25%      2023.25     260.61     1006.00
50%      2048.50     492.07     1012.00
75%      2073.75     765.10     1015.00
max      2099.00     976.44     5555.00
2026-07-16 14:52:02 | INFO | BI | Task 5. PREPARE DATASETS.........
2026-07-16 14:52:02 | INFO | BI | Preparing products data
2026-07-16 14:52:02 | INFO | BI | Products Prep 1. Convert UnitPrice to numeric
2026-07-16 14:52:02 | INFO | BI |   Non-numeric prices replaced with NaN: 0
2026-07-16 14:52:02 | INFO | BI | Products Prep 2. Remove duplicate rows
2026-07-16 14:52:02 | INFO | BI |   Rows before: 102
2026-07-16 14:52:02 | INFO | BI |   Rows after: 100
2026-07-16 14:52:02 | INFO | BI |   Removed 2 duplicate row(s)
2026-07-16 14:52:02 | INFO | BI |   Products prepared: 100 rows
2026-07-16 14:52:02 | INFO | BI | Task 6. CHECK QUALITY AFTER PREPARATION........
2026-07-16 14:52:02 | INFO | BI | Quality check: products prepared
2026-07-16 14:52:02 | INFO | BI |   Total missing values: 1
2026-07-16 14:52:02 | WARNING | BI |   Missing by column:
Supplier    1
dtype: int64
2026-07-16 14:52:02 | INFO | BI |   Duplicate rows: 0
2026-07-16 14:52:02 | INFO | BI | Task 7. SUMMARIZE AFTER PREPARATION........
2026-07-16 14:52:02 | INFO | BI | Numeric summary: products prepared
2026-07-16 14:52:02 | INFO | BI | 
       ProductID  UnitPrice  SupplierID
count     100.00     100.00      100.00
mean     2049.50     507.77     1056.76
std        29.01     290.80      454.48
min      2000.00      13.51     1001.00
25%      2024.75     255.53     1006.00
50%      2049.50     496.39     1011.50
75%      2074.25     771.28     1015.00
max      2099.00     976.44     5555.00
2026-07-16 14:52:02 | INFO | BI | Task 8. SAVE PREPARED DATASETS........
2026-07-16 14:52:02 | INFO | BI | Saved products
2026-07-16 14:52:02 | INFO | BI |   Rows: 100
2026-07-16 14:52:02 | INFO | BI |   Path: data\prepared\products_data_prepared.csv
2026-07-16 14:52:02 | INFO | BI | Workflow complete
2026-07-16 14:52:02 | INFO | BI | ========================
2026-07-16 14:52:02 | INFO | BI | Executed successfully!
2026-07-16 14:52:02 | INFO | BI | ========================
2026-07-16 14:52:14 | INFO | BI | === RUN START ===
2026-07-16 14:52:14 | INFO | BI | project=BI
2026-07-16 14:52:14 | INFO | BI | repo_dir=bintel-03-cleaning
2026-07-16 14:52:14 | INFO | BI | python=3.14.6
2026-07-16 14:52:14 | INFO | BI | os=Windows 11
2026-07-16 14:52:14 | INFO | BI | shell=powershell
2026-07-16 14:52:14 | INFO | BI | cwd=.
2026-07-16 14:52:14 | INFO | BI | github_actions=False
2026-07-16 14:52:14 | INFO | BI | ========================
2026-07-16 14:52:14 | INFO | BI | START main()
2026-07-16 14:52:14 | INFO | BI | ========================
2026-07-16 14:52:14 | INFO | BI | Raw data:      = data\raw
2026-07-16 14:52:14 | INFO | BI | Prepared data: = data\prepared
2026-07-16 14:52:14 | INFO | BI | Task 1. LOAD. Call a function to load each dataset......
2026-07-16 14:52:14 | INFO | BI | Loading customers from data\raw\customers_data.csv
2026-07-16 14:52:14 | INFO | BI | Loaded: 203 rows, 6 columns
2026-07-16 14:52:14 | INFO | BI | Loading products from data\raw\products_data.csv
2026-07-16 14:52:14 | INFO | BI | Loaded: 102 rows, 6 columns
2026-07-16 14:52:14 | INFO | BI | Loading sales from data\raw\sales_data.csv
2026-07-16 14:52:14 | INFO | BI | Loaded: 2402 rows, 9 columns
2026-07-16 14:52:14 | INFO | BI | Task 2. INSPECT. Call a function to inspect each dataset...
2026-07-16 14:52:14 | INFO | BI | Inspecting customers
2026-07-16 14:52:14 | INFO | BI |   Columns: ['CustomerID', 'Name', 'Region', 'JoinDate', 'RewardPoints', 'RewardLevel']
2026-07-16 14:52:14 | INFO | BI |   Shape:   203 rows x 6 columns
2026-07-16 14:52:14 | DEBUG | BI | 
   CustomerID           Name   Region   JoinDate  RewardPoints RewardLevel
0        1000   Robert Gomez     West  2/25/2024        461774    Platinum
1        1001     John Silva     East  12/1/2020        361974    Platinum
2        1002  Mark Marshall  Central   8/8/2020        238795        gold
3        1002  Mark Marshall  Central   8/8/2020        238795        gold
4        1003  David Brennan    North  5/21/2020        358344         NaN

2026-07-16 14:52:14 | INFO | BI | Inspecting products
2026-07-16 14:52:14 | INFO | BI |   Columns: ['ProductID', 'ProductName', 'Category', 'UnitPrice', 'Supplier', 'SupplierID']
2026-07-16 14:52:14 | INFO | BI |   Shape:   102 rows x 6 columns
2026-07-16 14:52:14 | DEBUG | BI | 
   ProductID         ProductName     Category  UnitPrice  Supplier  SupplierID
0       2000  Electronics-Signal  Electronics     969.31  Sylvania        1018
1       2001   Electronics-Boost  Electronics     412.35      Sony        1016
2       2001   Electronics-Boost  Electronics     412.35      Sony        1016
3       2001   Electronics-Boost  Electronics     412.35      Sony        1016
4       2002       Office-Family       Office     866.00  fellowes        1005

2026-07-16 14:52:14 | INFO | BI | Inspecting sales
2026-07-16 14:52:14 | INFO | BI |   Columns: ['TransactionID', 'SaleDate', 'CustomerID', 'ProductID', 'StoreID', 'CampaignID', 'SaleAmount', 'SaleType', 'EarnedRewardPoints']
2026-07-16 14:52:14 | INFO | BI |   Shape:   2402 rows x 9 columns
2026-07-16 14:52:14 | DEBUG | BI | 
   TransactionID    SaleDate  CustomerID  ProductID  StoreID  CampaignID SaleAmount SaleType EarnedRewardPoints
0              1    1/9/2025        1020     2023.0      401         0.0     643.02  Rewards                  0
1              1    1/9/2025        1020     2023.0      401         0.0     643.02  Rewards                  0
2              2   7/10/2024        1034        NaN      404         2.0     529.24  Rewards                  0
3              3   3/22/2025        1087     2035.0      403         3.0    4313.72  Rewards                  0
4              4  12/27/2024        1186     2015.0      404         NaN    1275.85  Payment             127585

2026-07-16 14:52:14 | INFO | BI | Task 3. CHECK QUALITY BEFORE........
2026-07-16 14:52:14 | INFO | BI | Quality check: sales
2026-07-16 14:52:14 | INFO | BI |   Total missing values: 202
2026-07-16 14:52:14 | WARNING | BI |   Missing by column:
ProductID               1
CampaignID            193
SaleType                5
EarnedRewardPoints      3
dtype: int64
2026-07-16 14:52:14 | INFO | BI |   Duplicate rows: 2
2026-07-16 14:52:14 | WARNING | BI |   2 duplicate row(s) found - review before loading to warehouse
2026-07-16 14:52:14 | INFO | BI | Task 4. SUMMARIZE BEFORE.......... 
2026-07-16 14:52:14 | INFO | BI | Numeric summary: sales
2026-07-16 14:52:14 | INFO | BI | 
       TransactionID  CustomerID  ProductID  StoreID  CampaignID
count        2402.00     2402.00    2401.00  2402.00     2209.00
mean         1199.50     1086.71    2049.02   402.53        1.46
std           693.54       57.32      28.67     1.13        1.12
min             1.00     1000.00    2000.00   401.00        0.00
25%           599.25     1034.00    2023.00   402.00        0.00
50%          1199.50     1079.00    2046.00   403.00        1.00
75%          1799.75     1131.75    2074.00   404.00        2.00
max          2400.00     1199.00    2099.00   404.00        3.00
2026-07-16 14:52:14 | INFO | BI | Task 5. PREPARE DATASETS.........
2026-07-16 14:52:14 | INFO | BI | Preparing customers data
2026-07-16 14:52:14 | INFO | BI | Customers Prep 1. Normalize Region values
2026-07-16 14:52:14 | INFO | BI |   Regions after normalization: ['Central', 'East', 'North', 'South', 'South-West', 'West']
2026-07-16 14:52:14 | INFO | BI | Customers Prep 2. Remove duplicate rows
2026-07-16 14:52:14 | INFO | BI |   Rows before: 203
2026-07-16 14:52:14 | INFO | BI |   Rows after: 201
2026-07-16 14:52:14 | INFO | BI |   Removed 2 duplicate row(s)
2026-07-16 14:52:14 | INFO | BI |   Customers prepared: 201 rows
2026-07-16 14:52:14 | INFO | BI | Preparing products data
2026-07-16 14:52:14 | INFO | BI | Products Prep 1. Convert UnitPrice to numeric
2026-07-16 14:52:14 | INFO | BI |   Non-numeric prices replaced with NaN: 0
2026-07-16 14:52:14 | INFO | BI | Products Prep 2. Remove duplicate rows
2026-07-16 14:52:14 | INFO | BI |   Rows before: 102
2026-07-16 14:52:14 | INFO | BI |   Rows after: 100
2026-07-16 14:52:14 | INFO | BI |   Removed 2 duplicate row(s)
2026-07-16 14:52:14 | INFO | BI |   Products prepared: 100 rows
2026-07-16 14:52:14 | INFO | BI | Preparing sales data
2026-07-16 14:52:14 | INFO | BI | Sales Prep 1. Convert SaleDate to datetime
2026-07-16 14:52:14 | INFO | BI | Sales Prep 2. Convert SaleAmount to numeric
2026-07-16 14:52:14 | WARNING | BI |   8 row(s) with invalid SaleAmount - will be removed
2026-07-16 14:52:14 | INFO | BI | Sales Prep 3. Remove rows with missing date or amount
2026-07-16 14:52:14 | INFO | BI |   Rows before: 2402
2026-07-16 14:52:14 | INFO | BI |   Rows after: 2394
2026-07-16 14:52:14 | INFO | BI |   Removed 8 row(s) with missing date or amount
2026-07-16 14:52:14 | INFO | BI | Sales Prep 4. Check CustomerID foreign key integrity
2026-07-16 14:52:14 | INFO | BI | Sales Prep 5. Check ProductID foreign key integrity
2026-07-16 14:52:14 | WARNING | BI |   1 row(s) with ProductID not found in products table - will be removed
2026-07-16 14:52:14 | INFO | BI | Sales Prep 6. Remove duplicate rows
2026-07-16 14:52:14 | INFO | BI |   Rows before: 2393
2026-07-16 14:52:14 | INFO | BI |   Rows after: 2391
2026-07-16 14:52:14 | INFO | BI |   Removed 2 duplicate row(s)
2026-07-16 14:52:14 | INFO | BI |   Sales prepared: 2391 rows
2026-07-16 14:52:14 | INFO | BI | Task 6. CHECK QUALITY AFTER PREPARATION........
2026-07-16 14:52:14 | INFO | BI | Quality check: sales prepared
2026-07-16 14:52:14 | INFO | BI |   Total missing values: 201
2026-07-16 14:52:14 | WARNING | BI |   Missing by column:
CampaignID            193
SaleType                5
EarnedRewardPoints      3
dtype: int64
2026-07-16 14:52:14 | INFO | BI |   Duplicate rows: 0
2026-07-16 14:52:14 | INFO | BI | Task 7. SUMMARIZE AFTER PREPARATION........
2026-07-16 14:52:14 | INFO | BI | Numeric summary: sales prepared
2026-07-16 14:52:14 | INFO | BI | 
       TransactionID  CustomerID  ProductID  StoreID  CampaignID  SaleAmount
count        2391.00     2391.00    2391.00  2391.00     2198.00     2391.00
mean         1199.53     1086.65    2049.08   402.53        1.46     1536.12
std           692.14       57.30      28.67     1.12        1.12     1270.98
min             1.00     1000.00    2000.00   401.00        0.00        0.00
25%           601.50     1034.00    2023.00   402.00        0.00      593.64
50%          1199.00     1079.00    2046.00   403.00        1.00     1240.62
75%          1798.50     1131.50    2074.00   404.00        2.00     1923.75
max          2400.00     1199.00    2099.00   404.00        3.00     4993.88
2026-07-16 14:52:14 | INFO | BI | Task 8. SAVE PREPARED DATASETS........
2026-07-16 14:52:14 | INFO | BI | Saved sales
2026-07-16 14:52:14 | INFO | BI |   Rows: 2391
2026-07-16 14:52:14 | INFO | BI |   Path: data\prepared\sales_data_prepared.csv
2026-07-16 14:52:14 | INFO | BI | Workflow complete
2026-07-16 14:52:14 | INFO | BI | ========================
2026-07-16 14:52:14 | INFO | BI | Executed successfully!
2026-07-16 14:52:14 | INFO | BI | ========================
2026-07-16 16:04:06 | INFO | BI | === RUN START ===
2026-07-16 16:04:06 | INFO | BI | project=BI
2026-07-16 16:04:06 | INFO | BI | repo_dir=bintel-03-cleaning
2026-07-16 16:04:06 | INFO | BI | python=3.14.6
2026-07-16 16:04:06 | INFO | BI | os=Windows 11
2026-07-16 16:04:06 | INFO | BI | shell=powershell
2026-07-16 16:04:06 | INFO | BI | cwd=.
2026-07-16 16:04:06 | INFO | BI | github_actions=False
2026-07-16 16:04:06 | INFO | BI | ========================
2026-07-16 16:04:06 | INFO | BI | START main()
2026-07-16 16:04:06 | INFO | BI | ========================
2026-07-16 16:04:06 | INFO | BI | Raw data:  = data\raw
2026-07-16 16:04:06 | INFO | BI | Customers: = data\raw\customers_data.csv
2026-07-16 16:04:06 | INFO | BI | Products:  = data\raw\products_data.csv
2026-07-16 16:04:06 | INFO | BI | Sales:     = data\raw\sales_data.csv
2026-07-16 16:04:06 | INFO | BI | CALL a function to load each dataset.............
2026-07-16 16:04:06 | INFO | BI | Loading customers from data\raw\customers_data.csv
2026-07-16 16:04:06 | INFO | BI | Loaded: 203 rows, 6 columns
2026-07-16 16:04:06 | INFO | BI | Loading products from data\raw\products_data.csv
2026-07-16 16:04:06 | INFO | BI | Loaded: 102 rows, 6 columns
2026-07-16 16:04:06 | INFO | BI | Loading sales from data\raw\sales_data.csv
2026-07-16 16:04:06 | INFO | BI | Loaded: 2402 rows, 9 columns
2026-07-16 16:04:06 | INFO | BI | CALL a function to get sales by region........
2026-07-16 16:04:06 | INFO | BI | Aggregating sales by region
2026-07-16 16:04:07 | INFO | BI |   Top region: East ($1,235,329.53)
2026-07-16 16:04:07 | INFO | BI | Returning DataFrame with total sales by region
2026-07-16 16:04:07 | INFO | BI | CALL a function to plot sales by region........
2026-07-16 16:04:07 | INFO | BI | Creating chart: Total Sales by Region
2026-07-16 16:04:07 | INFO | BI | CALL a function to get sales by product category........
2026-07-16 16:04:07 | INFO | BI | Aggregating sales by product category
2026-07-16 16:04:07 | INFO | BI |   Top category: Office ($1,421,586.79)
2026-07-16 16:04:07 | INFO | BI | CALL a function to plot sales by product category........
2026-07-16 16:04:07 | INFO | BI | Creating chart: Total Sales by Product Category
2026-07-16 16:04:08 | INFO | BI | CALL a function to summarize the datasets........
2026-07-16 16:04:08 | INFO | BI | ========================
2026-07-16 16:04:08 | INFO | BI | SUMMARY
2026-07-16 16:04:08 | INFO | BI | ========================
2026-07-16 16:04:08 | INFO | BI | Customers:  203 rows, 6 columns
2026-07-16 16:04:08 | INFO | BI | Products:   102 rows, 6 columns
2026-07-16 16:04:08 | INFO | BI | Sales:      2402 rows, 9 columns
2026-07-16 16:04:08 | INFO | BI | ========================
2026-07-16 16:04:08 | INFO | BI | ANALYST NOTES:
2026-07-16 16:04:08 | INFO | BI | Note any data quality issues.
2026-07-16 16:04:08 | INFO | BI | We will clean data later.
2026-07-16 16:04:08 | INFO | BI | ========================
2026-07-16 16:04:08 | INFO | BI | CALL a function to show charts........
2026-07-16 16:05:59 | INFO | BI | Workflow complete
2026-07-16 16:06:00 | INFO | BI | CLOSE chart windows to continue.
2026-07-16 16:06:00 | INFO | BI | Terminate this process with CTRL+c as needed.
2026-07-16 16:06:00 | INFO | BI | ========================
2026-07-16 16:06:00 | INFO | BI | Executed successfully!
2026-07-16 16:06:00 | INFO | BI | ========================
